{"/home/travis/build/npmtest/node-npmtest-playmusic/test.js":{"path":"/home/travis/build/npmtest/node-npmtest-playmusic/test.js","s":{"1":2,"2":2,"3":2,"4":2,"5":2,"6":2,"7":2,"8":1,"9":2,"10":2,"11":1,"12":1,"13":1,"14":1,"15":2,"16":2,"17":2,"18":2,"19":1,"20":1,"21":2,"22":2,"23":2,"24":1,"25":1,"26":1,"27":1,"28":1,"29":1,"30":1,"31":1,"32":1,"33":1,"34":1,"35":1,"36":1,"37":1,"38":1,"39":2,"40":2,"41":1,"42":2,"43":2,"44":1,"45":2,"46":2,"47":1,"48":2,"49":2,"50":1,"51":1,"52":1,"53":1,"54":1},"b":{"1":[2,1,1,1],"2":[1,1,1,1],"3":[1,1],"4":[1,1],"5":[1,1],"6":[1,1],"7":[1,1],"8":[1,1],"9":[1,1],"10":[1,1,1],"11":[1,1],"12":[1,1],"13":[1,1],"14":[1,1],"15":[1,1],"16":[1,1],"17":[1,1]},"f":{"1":2,"2":2,"3":2,"4":2,"5":2,"6":1,"7":1,"8":1,"9":2,"10":2,"11":2,"12":2,"13":1},"fnMap":{"1":{"name":"(anonymous_1)","line":12,"loc":{"start":{"line":12,"column":1},"end":{"line":12,"column":13}}},"2":{"name":"(anonymous_2)","line":19,"loc":{"start":{"line":19,"column":5},"end":{"line":19,"column":17}}},"3":{"name":"(anonymous_3)","line":23,"loc":{"start":{"line":23,"column":24},"end":{"line":23,"column":36}}},"4":{"name":"(anonymous_4)","line":61,"loc":{"start":{"line":61,"column":5},"end":{"line":61,"column":17}}},"5":{"name":"(anonymous_5)","line":82,"loc":{"start":{"line":82,"column":5},"end":{"line":82,"column":17}}},"6":{"name":"(anonymous_6)","line":91,"loc":{"start":{"line":91,"column":77},"end":{"line":94,"column":10}}},"7":{"name":"(anonymous_7)","line":112,"loc":{"start":{"line":112,"column":83},"end":{"line":115,"column":10}},"skip":true},"8":{"name":"(anonymous_8)","line":123,"loc":{"start":{"line":123,"column":77},"end":{"line":126,"column":10}},"skip":true},"9":{"name":"(anonymous_9)","line":139,"loc":{"start":{"line":139,"column":12},"end":{"line":139,"column":40}},"skip":true},"10":{"name":"(anonymous_10)","line":147,"loc":{"start":{"line":147,"column":77},"end":{"line":150,"column":10}},"skip":true},"11":{"name":"(anonymous_11)","line":158,"loc":{"start":{"line":158,"column":83},"end":{"line":161,"column":10}},"skip":true},"12":{"name":"(anonymous_12)","line":169,"loc":{"start":{"line":169,"column":79},"end":{"line":172,"column":10}},"skip":true},"13":{"name":"(anonymous_13)","line":180,"loc":{"start":{"line":180,"column":75},"end":{"line":183,"column":10}},"skip":true}},"statementMap":{"1":{"start":{"line":12,"column":0},"end":{"line":195,"column":5}},"2":{"start":{"line":14,"column":4},"end":{"line":14,"column":14}},"3":{"start":{"line":19,"column":4},"end":{"line":56,"column":9}},"4":{"start":{"line":21,"column":8},"end":{"line":21,"column":19}},"5":{"start":{"line":23,"column":8},"end":{"line":35,"column":13}},"6":{"start":{"line":24,"column":12},"end":{"line":34,"column":13}},"7":{"start":{"line":25,"column":16},"end":{"line":28,"column":30}},"8":{"start":{"line":30,"column":16},"end":{"line":33,"column":27}},"9":{"start":{"line":37,"column":8},"end":{"line":39,"column":21}},"10":{"start":{"line":40,"column":8},"end":{"line":53,"column":9}},"11":{"start":{"line":43,"column":12},"end":{"line":46,"column":14}},"12":{"start":{"line":47,"column":12},"end":{"line":47,"column":18}},"13":{"start":{"line":50,"column":12},"end":{"line":51,"column":33}},"14":{"start":{"line":52,"column":12},"end":{"line":52,"column":18}},"15":{"start":{"line":55,"column":8},"end":{"line":55,"column":35}},"16":{"start":{"line":61,"column":4},"end":{"line":63,"column":9}},"17":{"start":{"line":62,"column":8},"end":{"line":62,"column":15}},"18":{"start":{"line":64,"column":4},"end":{"line":77,"column":5}},"19":{"start":{"line":70,"column":8},"end":{"line":70,"column":14}},"20":{"start":{"line":76,"column":8},"end":{"line":76,"column":14}},"21":{"start":{"line":82,"column":4},"end":{"line":84,"column":9}},"22":{"start":{"line":83,"column":8},"end":{"line":83,"column":15}},"23":{"start":{"line":85,"column":4},"end":{"line":194,"column":5}},"24":{"start":{"line":91,"column":8},"end":{"line":99,"column":10}},"25":{"start":{"line":98,"column":12},"end":{"line":98,"column":35}},"26":{"start":{"line":102,"column":8},"end":{"line":104,"column":63}},"27":{"start":{"line":105,"column":8},"end":{"line":105,"column":14}},"28":{"start":{"line":112,"column":8},"end":{"line":121,"column":10},"skip":true},"29":{"start":{"line":119,"column":12},"end":{"line":119,"column":55},"skip":true},"30":{"start":{"line":120,"column":12},"end":{"line":120,"column":48},"skip":true},"31":{"start":{"line":123,"column":8},"end":{"line":136,"column":10},"skip":true},"32":{"start":{"line":130,"column":12},"end":{"line":130,"column":76},"skip":true},"33":{"start":{"line":131,"column":12},"end":{"line":131,"column":73},"skip":true},"34":{"start":{"line":132,"column":12},"end":{"line":132,"column":74},"skip":true},"35":{"start":{"line":133,"column":12},"end":{"line":133,"column":79},"skip":true},"36":{"start":{"line":134,"column":12},"end":{"line":134,"column":25},"skip":true},"37":{"start":{"line":135,"column":12},"end":{"line":135,"column":45},"skip":true},"38":{"start":{"line":138,"column":8},"end":{"line":145,"column":14},"skip":true},"39":{"start":{"line":143,"column":16},"end":{"line":143,"column":29},"skip":true},"40":{"start":{"line":144,"column":16},"end":{"line":144,"column":55},"skip":true},"41":{"start":{"line":147,"column":8},"end":{"line":156,"column":10},"skip":true},"42":{"start":{"line":154,"column":12},"end":{"line":154,"column":25},"skip":true},"43":{"start":{"line":155,"column":12},"end":{"line":155,"column":45},"skip":true},"44":{"start":{"line":158,"column":8},"end":{"line":167,"column":10},"skip":true},"45":{"start":{"line":165,"column":12},"end":{"line":165,"column":25},"skip":true},"46":{"start":{"line":166,"column":12},"end":{"line":166,"column":48},"skip":true},"47":{"start":{"line":169,"column":8},"end":{"line":178,"column":10},"skip":true},"48":{"start":{"line":176,"column":12},"end":{"line":176,"column":25},"skip":true},"49":{"start":{"line":177,"column":12},"end":{"line":177,"column":46},"skip":true},"50":{"start":{"line":180,"column":8},"end":{"line":189,"column":10},"skip":true},"51":{"start":{"line":187,"column":12},"end":{"line":187,"column":94},"skip":true},"52":{"start":{"line":188,"column":12},"end":{"line":188,"column":48},"skip":true},"53":{"start":{"line":192,"column":8},"end":{"line":192,"column":35},"skip":true},"54":{"start":{"line":193,"column":8},"end":{"line":193,"column":14},"skip":true}},"branchMap":{"1":{"line":25,"type":"binary-expr","locations":[{"start":{"line":25,"column":23},"end":{"line":25,"column":62}},{"start":{"line":26,"column":20},"end":{"line":26,"column":70}},{"start":{"line":27,"column":20},"end":{"line":27,"column":71}},{"start":{"line":28,"column":20},"end":{"line":28,"column":29}}]},"2":{"line":30,"type":"binary-expr","locations":[{"start":{"line":30,"column":23},"end":{"line":30,"column":37}},{"start":{"line":31,"column":20},"end":{"line":31,"column":61}},{"start":{"line":32,"column":20},"end":{"line":32,"column":70}},{"start":{"line":33,"column":20},"end":{"line":33,"column":26}}]},"3":{"line":37,"type":"cond-expr","locations":[{"start":{"line":38,"column":14},"end":{"line":38,"column":20}},{"start":{"line":39,"column":14},"end":{"line":39,"column":20}}]},"4":{"line":40,"type":"switch","locations":[{"start":{"line":42,"column":8},"end":{"line":47,"column":18}},{"start":{"line":49,"column":8},"end":{"line":52,"column":18}}]},"5":{"line":44,"type":"binary-expr","locations":[{"start":{"line":44,"column":16},"end":{"line":44,"column":44}},{"start":{"line":44,"column":48},"end":{"line":44,"column":66}}]},"6":{"line":50,"type":"binary-expr","locations":[{"start":{"line":50,"column":21},"end":{"line":50,"column":49}},{"start":{"line":50,"column":53},"end":{"line":50,"column":72}}]},"7":{"line":64,"type":"switch","locations":[{"start":{"line":69,"column":4},"end":{"line":70,"column":14}},{"start":{"line":75,"column":4},"end":{"line":76,"column":14}}]},"8":{"line":85,"type":"switch","locations":[{"start":{"line":90,"column":4},"end":{"line":105,"column":14}},{"start":{"line":111,"column":4},"end":{"line":193,"column":14},"skip":true}]},"9":{"line":91,"type":"binary-expr","locations":[{"start":{"line":91,"column":42},"end":{"line":91,"column":73}},{"start":{"line":91,"column":77},"end":{"line":99,"column":9}}]},"10":{"line":102,"type":"binary-expr","locations":[{"start":{"line":102,"column":18},"end":{"line":102,"column":32}},{"start":{"line":103,"column":12},"end":{"line":103,"column":53}},{"start":{"line":104,"column":12},"end":{"line":104,"column":61}}]},"11":{"line":112,"type":"binary-expr","locations":[{"start":{"line":112,"column":45},"end":{"line":112,"column":79},"skip":true},{"start":{"line":112,"column":83},"end":{"line":121,"column":9},"skip":true}]},"12":{"line":123,"type":"binary-expr","locations":[{"start":{"line":123,"column":42},"end":{"line":123,"column":73},"skip":true},{"start":{"line":123,"column":77},"end":{"line":136,"column":9},"skip":true}]},"13":{"line":138,"type":"binary-expr","locations":[{"start":{"line":138,"column":48},"end":{"line":138,"column":85},"skip":true},{"start":{"line":139,"column":12},"end":{"line":145,"column":13},"skip":true}]},"14":{"line":147,"type":"binary-expr","locations":[{"start":{"line":147,"column":42},"end":{"line":147,"column":73},"skip":true},{"start":{"line":147,"column":77},"end":{"line":156,"column":9},"skip":true}]},"15":{"line":158,"type":"binary-expr","locations":[{"start":{"line":158,"column":45},"end":{"line":158,"column":79},"skip":true},{"start":{"line":158,"column":83},"end":{"line":167,"column":9},"skip":true}]},"16":{"line":169,"type":"binary-expr","locations":[{"start":{"line":169,"column":43},"end":{"line":169,"column":75},"skip":true},{"start":{"line":169,"column":79},"end":{"line":178,"column":9},"skip":true}]},"17":{"line":180,"type":"binary-expr","locations":[{"start":{"line":180,"column":41},"end":{"line":180,"column":71},"skip":true},{"start":{"line":180,"column":75},"end":{"line":189,"column":9},"skip":true}]}},"code":["/* istanbul instrument in package npmtest_playmusic */","/*jslint","    bitwise: true,","    browser: true,","    maxerr: 8,","    maxlen: 96,","    node: true,","    nomen: true,","    regexp: true,","    stupid: true","*/","(function () {","    'use strict';","    var local;","","","","    // run shared js-env code - init-before","    (function () {","        // init local","        local = {};","        // init modeJs","        local.modeJs = (function () {","            try {","                return typeof navigator.userAgent === 'string' &&","                    typeof document.querySelector('body') === 'object' &&","                    typeof XMLHttpRequest.prototype.open === 'function' &&","                    'browser';","            } catch (errorCaughtBrowser) {","                return module.exports &&","                    typeof process.versions.node === 'string' &&","                    typeof require('http').createServer === 'function' &&","                    'node';","            }","        }());","        // init global","        local.global = local.modeJs === 'browser'","            ? window","            : global;","        switch (local.modeJs) {","        // re-init local from window.local","        case 'browser':","            local = local.global.utility2.objectSetDefault(","                local.global.utility2_rollup || local.global.local,","                local.global.utility2","            );","            break;","        // re-init local from example.js","        case 'node':","            local = (local.global.utility2_rollup || require('utility2'))","                .requireReadme();","            break;","        }","        // export local","        local.global.local = local;","    }());","","","","    // run shared js-env code - function","    (function () {","        return;","    }());","    switch (local.modeJs) {","","","","    // run browser js-env code - function","    case 'browser':","        break;","","","","    // run node js-env code - function","    case 'node':","        break;","    }","","","","    // run shared js-env code - init-after","    (function () {","        return;","    }());","    switch (local.modeJs) {","","","","    // run browser js-env code - init-after","    case 'browser':","        local.testCase_browser_nullCase = local.testCase_browser_nullCase || function (","            options,","            onError","        ) {","        /*","         * this function will test browsers's null-case handling-behavior-behavior","         */","            onError(null, options);","        };","","        // run tests","        local.nop(local.modeTest &&","            document.querySelector('#testRunButton1') &&","            document.querySelector('#testRunButton1').click());","        break;","","","","    // run node js-env code - init-after","    /* istanbul ignore next */","    case 'node':","        local.testCase_buildApidoc_default = local.testCase_buildApidoc_default || function (","            options,","            onError","        ) {","        /*","         * this function will test buildApidoc's default handling-behavior-behavior","         */","            options = { modulePathList: module.paths };","            local.buildApidoc(options, onError);","        };","","        local.testCase_buildApp_default = local.testCase_buildApp_default || function (","            options,","            onError","        ) {","        /*","         * this function will test buildApp's default handling-behavior-behavior","         */","            local.testCase_buildReadme_default(options, local.onErrorThrow);","            local.testCase_buildLib_default(options, local.onErrorThrow);","            local.testCase_buildTest_default(options, local.onErrorThrow);","            local.testCase_buildCustomOrg_default(options, local.onErrorThrow);","            options = [];","            local.buildApp(options, onError);","        };","","        local.testCase_buildCustomOrg_default = local.testCase_buildCustomOrg_default ||","            function (options, onError) {","            /*","             * this function will test buildCustomOrg's default handling-behavior","             */","                options = {};","                local.buildCustomOrg(options, onError);","            };","","        local.testCase_buildLib_default = local.testCase_buildLib_default || function (","            options,","            onError","        ) {","        /*","         * this function will test buildLib's default handling-behavior","         */","            options = {};","            local.buildLib(options, onError);","        };","","        local.testCase_buildReadme_default = local.testCase_buildReadme_default || function (","            options,","            onError","        ) {","        /*","         * this function will test buildReadme's default handling-behavior-behavior","         */","            options = {};","            local.buildReadme(options, onError);","        };","","        local.testCase_buildTest_default = local.testCase_buildTest_default || function (","            options,","            onError","        ) {","        /*","         * this function will test buildTest's default handling-behavior","         */","            options = {};","            local.buildTest(options, onError);","        };","","        local.testCase_webpage_default = local.testCase_webpage_default || function (","            options,","            onError","        ) {","        /*","         * this function will test webpage's default handling-behavior","         */","            options = { modeCoverageMerge: true, url: local.serverLocalHost + '?modeTest=1' };","            local.browserTest(options, onError);","        };","","        // run test-server","        local.testRunServer(local);","        break;","    }","}());",""],"l":{"12":2,"14":2,"19":2,"21":2,"23":2,"24":2,"25":2,"30":1,"37":2,"40":2,"43":1,"47":1,"50":1,"52":1,"55":2,"61":2,"62":2,"64":2,"70":1,"76":1,"82":2,"83":2,"85":2,"91":1,"98":1,"102":1,"105":1,"112":1,"119":1,"120":1,"123":1,"130":1,"131":1,"132":1,"133":1,"134":1,"135":1,"138":1,"143":2,"144":2,"147":1,"154":2,"155":2,"158":1,"165":2,"166":2,"169":1,"176":2,"177":2,"180":1,"187":1,"188":1,"192":1,"193":1}},"/home/travis/build/npmtest/node-npmtest-playmusic/lib.npmtest_playmusic.js":{"path":"/home/travis/build/npmtest/node-npmtest-playmusic/lib.npmtest_playmusic.js","s":{"1":2,"2":2,"3":2,"4":2,"5":2,"6":2,"7":2,"8":1,"9":2,"10":2,"11":2,"12":2,"13":1,"14":1,"15":1,"16":1},"b":{"1":[2,1,1,1],"2":[1,1,1,1],"3":[1,1],"4":[2,2],"5":[1,1]},"f":{"1":2,"2":2,"3":2},"fnMap":{"1":{"name":"(anonymous_1)","line":12,"loc":{"start":{"line":12,"column":1},"end":{"line":12,"column":13}}},"2":{"name":"(anonymous_2)","line":19,"loc":{"start":{"line":19,"column":5},"end":{"line":19,"column":17}}},"3":{"name":"(anonymous_3)","line":23,"loc":{"start":{"line":23,"column":24},"end":{"line":23,"column":36}}}},"statementMap":{"1":{"start":{"line":12,"column":0},"end":{"line":53,"column":5}},"2":{"start":{"line":14,"column":4},"end":{"line":14,"column":14}},"3":{"start":{"line":19,"column":4},"end":{"line":52,"column":9}},"4":{"start":{"line":21,"column":8},"end":{"line":21,"column":19}},"5":{"start":{"line":23,"column":8},"end":{"line":35,"column":13}},"6":{"start":{"line":24,"column":12},"end":{"line":34,"column":13}},"7":{"start":{"line":25,"column":16},"end":{"line":28,"column":30}},"8":{"start":{"line":30,"column":16},"end":{"line":33,"column":27}},"9":{"start":{"line":37,"column":8},"end":{"line":39,"column":21}},"10":{"start":{"line":41,"column":8},"end":{"line":41,"column":54}},"11":{"start":{"line":43,"column":8},"end":{"line":43,"column":54}},"12":{"start":{"line":45,"column":8},"end":{"line":51,"column":9}},"13":{"start":{"line":46,"column":12},"end":{"line":46,"column":60}},"14":{"start":{"line":48,"column":12},"end":{"line":48,"column":35}},"15":{"start":{"line":49,"column":12},"end":{"line":49,"column":49}},"16":{"start":{"line":50,"column":12},"end":{"line":50,"column":43}}},"branchMap":{"1":{"line":25,"type":"binary-expr","locations":[{"start":{"line":25,"column":23},"end":{"line":25,"column":62}},{"start":{"line":26,"column":20},"end":{"line":26,"column":70}},{"start":{"line":27,"column":20},"end":{"line":27,"column":71}},{"start":{"line":28,"column":20},"end":{"line":28,"column":29}}]},"2":{"line":30,"type":"binary-expr","locations":[{"start":{"line":30,"column":23},"end":{"line":30,"column":37}},{"start":{"line":31,"column":20},"end":{"line":31,"column":61}},{"start":{"line":32,"column":20},"end":{"line":32,"column":70}},{"start":{"line":33,"column":20},"end":{"line":33,"column":26}}]},"3":{"line":37,"type":"cond-expr","locations":[{"start":{"line":38,"column":14},"end":{"line":38,"column":20}},{"start":{"line":39,"column":14},"end":{"line":39,"column":20}}]},"4":{"line":41,"type":"binary-expr","locations":[{"start":{"line":41,"column":16},"end":{"line":41,"column":44}},{"start":{"line":41,"column":48},"end":{"line":41,"column":53}}]},"5":{"line":45,"type":"if","locations":[{"start":{"line":45,"column":8},"end":{"line":45,"column":8}},{"start":{"line":45,"column":8},"end":{"line":45,"column":8}}]}},"code":["/* istanbul instrument in package npmtest_playmusic */","/*jslint","    bitwise: true,","    browser: true,","    maxerr: 8,","    maxlen: 96,","    node: true,","    nomen: true,","    regexp: true,","    stupid: true","*/","(function () {","    'use strict';","    var local;","","","","    // run shared js-env code - init-before","    (function () {","        // init local","        local = {};","        // init modeJs","        local.modeJs = (function () {","            try {","                return typeof navigator.userAgent === 'string' &&","                    typeof document.querySelector('body') === 'object' &&","                    typeof XMLHttpRequest.prototype.open === 'function' &&","                    'browser';","            } catch (errorCaughtBrowser) {","                return module.exports &&","                    typeof process.versions.node === 'string' &&","                    typeof require('http').createServer === 'function' &&","                    'node';","            }","        }());","        // init global","        local.global = local.modeJs === 'browser'","            ? window","            : global;","        // init utility2_rollup","        local = local.global.utility2_rollup || local;","        // init lib","        local.local = local.npmtest_playmusic = local;","        // init exports","        if (local.modeJs === 'browser') {","            local.global.utility2_npmtest_playmusic = local;","        } else {","            module.exports = local;","            module.exports.__dirname = __dirname;","            module.exports.module = module;","        }","    }());","}());",""],"l":{"12":2,"14":2,"19":2,"21":2,"23":2,"24":2,"25":2,"30":1,"37":2,"41":2,"43":2,"45":2,"46":1,"48":1,"49":1,"50":1}},"/home/travis/build/npmtest/node-npmtest-playmusic/example.js":{"path":"/home/travis/build/npmtest/node-npmtest-playmusic/example.js","s":{"1":2,"2":2,"3":2,"4":2,"5":2,"6":2,"7":2,"8":1,"9":2,"10":2,"11":2,"12":2,"13":1,"14":2,"15":2,"16":2,"17":2,"18":2,"19":0,"20":2,"21":1,"22":1,"23":1,"24":1,"25":1,"26":0,"27":0,"28":1,"29":1,"30":2,"31":0,"32":0,"33":0,"34":1,"35":2,"36":2,"37":3,"38":3,"39":3,"40":3,"41":0,"42":3,"43":3,"44":3,"45":1,"46":3,"47":1,"48":1,"49":1,"50":1,"51":1,"52":1,"53":1,"54":1,"55":1,"56":1,"57":0,"58":1,"59":6,"60":6,"61":1,"62":2,"63":0,"64":2,"65":1,"66":1,"67":0,"68":0,"69":0,"70":0,"71":0,"72":0,"73":0,"74":0,"75":0,"76":0,"77":0,"78":0,"79":0,"80":0,"81":0,"82":0,"83":0},"b":{"1":[2,1,1,1],"2":[1,1,1,1],"3":[1,1],"4":[2,2],"5":[1,1],"6":[1,1],"7":[2,0],"8":[2,1,1,1,1,1],"9":[0,2,0],"10":[1,1],"11":[2,1,1],"12":[1,0],"13":[0,2],"14":[2,0,0,0,0,0,0],"15":[0,3],"16":[3,0],"17":[1,1],"18":[0,1],"19":[1,2,0,2],"20":[1,0],"21":[1,1],"22":[0,0],"23":[0,0],"24":[0,0],"25":[0,0],"26":[0,0],"27":[0,0],"28":[0,0]},"f":{"1":2,"2":2,"3":2,"4":2,"5":2,"6":2,"7":3,"8":3,"9":3,"10":1,"11":6,"12":0},"fnMap":{"1":{"name":"(anonymous_1)","line":26,"loc":{"start":{"line":26,"column":1},"end":{"line":26,"column":13}}},"2":{"name":"(anonymous_2)","line":33,"loc":{"start":{"line":33,"column":5},"end":{"line":33,"column":17}}},"3":{"name":"(anonymous_3)","line":37,"loc":{"start":{"line":37,"column":24},"end":{"line":37,"column":36}}},"4":{"name":"(anonymous_4)","line":69,"loc":{"start":{"line":69,"column":31},"end":{"line":69,"column":48}},"skip":true},"5":{"name":"(anonymous_5)","line":78,"loc":{"start":{"line":78,"column":26},"end":{"line":78,"column":45}},"skip":true},"6":{"name":"(anonymous_6)","line":123,"loc":{"start":{"line":123,"column":33},"end":{"line":123,"column":48}},"skip":true},"7":{"name":"(anonymous_7)","line":125,"loc":{"start":{"line":125,"column":27},"end":{"line":125,"column":39}},"skip":true},"8":{"name":"(anonymous_8)","line":133,"loc":{"start":{"line":133,"column":59},"end":{"line":133,"column":74}},"skip":true},"9":{"name":"(anonymous_9)","line":143,"loc":{"start":{"line":143,"column":45},"end":{"line":143,"column":62}},"skip":true},"10":{"name":"(anonymous_10)","line":144,"loc":{"start":{"line":144,"column":73},"end":{"line":144,"column":92}},"skip":true},"11":{"name":"(anonymous_11)","line":272,"loc":{"start":{"line":272,"column":51},"end":{"line":272,"column":77}},"skip":true},"12":{"name":"(anonymous_12)","line":315,"loc":{"start":{"line":315,"column":32},"end":{"line":315,"column":61}},"skip":true}},"statementMap":{"1":{"start":{"line":26,"column":0},"end":{"line":326,"column":5}},"2":{"start":{"line":28,"column":4},"end":{"line":28,"column":14}},"3":{"start":{"line":33,"column":4},"end":{"line":60,"column":9}},"4":{"start":{"line":35,"column":8},"end":{"line":35,"column":19}},"5":{"start":{"line":37,"column":8},"end":{"line":49,"column":13}},"6":{"start":{"line":38,"column":12},"end":{"line":48,"column":13}},"7":{"start":{"line":39,"column":16},"end":{"line":42,"column":30}},"8":{"start":{"line":44,"column":16},"end":{"line":47,"column":27}},"9":{"start":{"line":51,"column":8},"end":{"line":53,"column":21}},"10":{"start":{"line":55,"column":8},"end":{"line":57,"column":45}},"11":{"start":{"line":59,"column":8},"end":{"line":59,"column":35}},"12":{"start":{"line":61,"column":4},"end":{"line":325,"column":5}},"13":{"start":{"line":69,"column":8},"end":{"line":121,"column":10},"skip":true},"14":{"start":{"line":70,"column":12},"end":{"line":88,"column":13},"skip":true},"15":{"start":{"line":76,"column":16},"end":{"line":87,"column":19},"skip":true},"16":{"start":{"line":79,"column":20},"end":{"line":86,"column":21},"skip":true},"17":{"start":{"line":82,"column":24},"end":{"line":82,"column":43},"skip":true},"18":{"start":{"line":83,"column":24},"end":{"line":83,"column":30},"skip":true},"19":{"start":{"line":85,"column":24},"end":{"line":85,"column":49},"skip":true},"20":{"start":{"line":89,"column":12},"end":{"line":107,"column":13},"skip":true},"21":{"start":{"line":92,"column":16},"end":{"line":102,"column":17},"skip":true},"22":{"start":{"line":93,"column":20},"end":{"line":93,"column":86},"skip":true},"23":{"start":{"line":94,"column":20},"end":{"line":95,"column":45},"skip":true},"24":{"start":{"line":96,"column":20},"end":{"line":96,"column":42},"skip":true},"25":{"start":{"line":97,"column":20},"end":{"line":97,"column":48},"skip":true},"26":{"start":{"line":100,"column":20},"end":{"line":100,"column":85},"skip":true},"27":{"start":{"line":101,"column":20},"end":{"line":101,"column":96},"skip":true},"28":{"start":{"line":103,"column":16},"end":{"line":103,"column":22},"skip":true},"29":{"start":{"line":106,"column":16},"end":{"line":106,"column":22},"skip":true},"30":{"start":{"line":108,"column":12},"end":{"line":120,"column":13},"skip":true},"31":{"start":{"line":114,"column":16},"end":{"line":119,"column":17},"skip":true},"32":{"start":{"line":116,"column":20},"end":{"line":116,"column":78},"skip":true},"33":{"start":{"line":118,"column":20},"end":{"line":118,"column":47},"skip":true},"34":{"start":{"line":123,"column":8},"end":{"line":141,"column":11},"skip":true},"35":{"start":{"line":124,"column":12},"end":{"line":124,"column":54},"skip":true},"36":{"start":{"line":125,"column":12},"end":{"line":140,"column":14},"skip":true},"37":{"start":{"line":126,"column":16},"end":{"line":126,"column":28},"skip":true},"38":{"start":{"line":127,"column":16},"end":{"line":127,"column":69},"skip":true},"39":{"start":{"line":128,"column":16},"end":{"line":128,"column":75},"skip":true},"40":{"start":{"line":129,"column":16},"end":{"line":131,"column":17},"skip":true},"41":{"start":{"line":130,"column":20},"end":{"line":130,"column":27},"skip":true},"42":{"start":{"line":133,"column":16},"end":{"line":137,"column":36},"skip":true},"43":{"start":{"line":134,"column":20},"end":{"line":136,"column":55},"skip":true},"44":{"start":{"line":139,"column":16},"end":{"line":139,"column":57},"skip":true},"45":{"start":{"line":143,"column":8},"end":{"line":147,"column":11},"skip":true},"46":{"start":{"line":144,"column":12},"end":{"line":146,"column":15},"skip":true},"47":{"start":{"line":145,"column":16},"end":{"line":145,"column":70},"skip":true},"48":{"start":{"line":149,"column":8},"end":{"line":149,"column":31},"skip":true},"49":{"start":{"line":150,"column":8},"end":{"line":150,"column":14},"skip":true},"50":{"start":{"line":158,"column":8},"end":{"line":158,"column":31},"skip":true},"51":{"start":{"line":160,"column":8},"end":{"line":160,"column":33},"skip":true},"52":{"start":{"line":161,"column":8},"end":{"line":161,"column":37},"skip":true},"53":{"start":{"line":162,"column":8},"end":{"line":162,"column":35},"skip":true},"54":{"start":{"line":164,"column":8},"end":{"line":164,"column":50},"skip":true},"55":{"start":{"line":166,"column":8},"end":{"line":256,"column":2},"skip":true},"56":{"start":{"line":258,"column":8},"end":{"line":286,"column":9},"skip":true},"57":{"start":{"line":259,"column":12},"end":{"line":269,"column":14},"skip":true},"58":{"start":{"line":271,"column":12},"end":{"line":285,"column":19},"skip":true},"59":{"start":{"line":274,"column":20},"end":{"line":274,"column":35},"skip":true},"60":{"start":{"line":275,"column":20},"end":{"line":284,"column":21},"skip":true},"61":{"start":{"line":277,"column":24},"end":{"line":277,"column":64},"skip":true},"62":{"start":{"line":279,"column":24},"end":{"line":279,"column":40},"skip":true},"63":{"start":{"line":281,"column":24},"end":{"line":281,"column":40},"skip":true},"64":{"start":{"line":283,"column":24},"end":{"line":283,"column":39},"skip":true},"65":{"start":{"line":288,"column":8},"end":{"line":290,"column":9},"skip":true},"66":{"start":{"line":289,"column":12},"end":{"line":289,"column":18},"skip":true},"67":{"start":{"line":291,"column":8},"end":{"line":293,"column":54},"skip":true},"68":{"start":{"line":296,"column":8},"end":{"line":301,"column":37},"skip":true},"69":{"start":{"line":303,"column":8},"end":{"line":303,"column":82},"skip":true},"70":{"start":{"line":306,"column":8},"end":{"line":308,"column":9},"skip":true},"71":{"start":{"line":307,"column":12},"end":{"line":307,"column":82},"skip":true},"72":{"start":{"line":310,"column":8},"end":{"line":312,"column":9},"skip":true},"73":{"start":{"line":311,"column":12},"end":{"line":311,"column":18},"skip":true},"74":{"start":{"line":313,"column":8},"end":{"line":313,"column":54},"skip":true},"75":{"start":{"line":314,"column":8},"end":{"line":314,"column":69},"skip":true},"76":{"start":{"line":315,"column":8},"end":{"line":323,"column":36},"skip":true},"77":{"start":{"line":316,"column":12},"end":{"line":316,"column":61},"skip":true},"78":{"start":{"line":317,"column":12},"end":{"line":320,"column":13},"skip":true},"79":{"start":{"line":318,"column":16},"end":{"line":318,"column":75},"skip":true},"80":{"start":{"line":319,"column":16},"end":{"line":319,"column":23},"skip":true},"81":{"start":{"line":321,"column":12},"end":{"line":321,"column":38},"skip":true},"82":{"start":{"line":322,"column":12},"end":{"line":322,"column":27},"skip":true},"83":{"start":{"line":324,"column":8},"end":{"line":324,"column":14},"skip":true}},"branchMap":{"1":{"line":39,"type":"binary-expr","locations":[{"start":{"line":39,"column":23},"end":{"line":39,"column":62}},{"start":{"line":40,"column":20},"end":{"line":40,"column":70}},{"start":{"line":41,"column":20},"end":{"line":41,"column":71}},{"start":{"line":42,"column":20},"end":{"line":42,"column":29}}]},"2":{"line":44,"type":"binary-expr","locations":[{"start":{"line":44,"column":23},"end":{"line":44,"column":37}},{"start":{"line":45,"column":20},"end":{"line":45,"column":61}},{"start":{"line":46,"column":20},"end":{"line":46,"column":70}},{"start":{"line":47,"column":20},"end":{"line":47,"column":26}}]},"3":{"line":51,"type":"cond-expr","locations":[{"start":{"line":52,"column":14},"end":{"line":52,"column":20}},{"start":{"line":53,"column":14},"end":{"line":53,"column":20}}]},"4":{"line":55,"type":"binary-expr","locations":[{"start":{"line":55,"column":16},"end":{"line":55,"column":44}},{"start":{"line":55,"column":49},"end":{"line":57,"column":43}}]},"5":{"line":55,"type":"cond-expr","locations":[{"start":{"line":56,"column":14},"end":{"line":56,"column":53}},{"start":{"line":57,"column":14},"end":{"line":57,"column":43}}]},"6":{"line":61,"type":"switch","locations":[{"start":{"line":68,"column":4},"end":{"line":150,"column":14},"skip":true},{"start":{"line":156,"column":4},"end":{"line":324,"column":14},"skip":true}]},"7":{"line":70,"type":"if","locations":[{"start":{"line":70,"column":12},"end":{"line":70,"column":12},"skip":true},{"start":{"line":70,"column":12},"end":{"line":70,"column":12},"skip":true}]},"8":{"line":70,"type":"binary-expr","locations":[{"start":{"line":70,"column":16},"end":{"line":70,"column":22},"skip":true},{"start":{"line":70,"column":27},"end":{"line":70,"column":32},"skip":true},{"start":{"line":71,"column":20},"end":{"line":71,"column":39},"skip":true},{"start":{"line":72,"column":20},"end":{"line":72,"column":49},"skip":true},{"start":{"line":73,"column":20},"end":{"line":73,"column":58},"skip":true},{"start":{"line":74,"column":20},"end":{"line":74,"column":69},"skip":true}]},"9":{"line":79,"type":"switch","locations":[{"start":{"line":80,"column":20},"end":{"line":80,"column":33},"skip":true},{"start":{"line":81,"column":20},"end":{"line":83,"column":30},"skip":true},{"start":{"line":84,"column":20},"end":{"line":85,"column":49},"skip":true}]},"10":{"line":89,"type":"switch","locations":[{"start":{"line":90,"column":12},"end":{"line":103,"column":22},"skip":true},{"start":{"line":105,"column":12},"end":{"line":106,"column":22},"skip":true}]},"11":{"line":89,"type":"binary-expr","locations":[{"start":{"line":89,"column":20},"end":{"line":89,"column":25},"skip":true},{"start":{"line":89,"column":29},"end":{"line":89,"column":48},"skip":true},{"start":{"line":89,"column":52},"end":{"line":89,"column":74},"skip":true}]},"12":{"line":92,"type":"if","locations":[{"start":{"line":92,"column":16},"end":{"line":92,"column":16},"skip":true},{"start":{"line":92,"column":16},"end":{"line":92,"column":16},"skip":true}]},"13":{"line":108,"type":"if","locations":[{"start":{"line":108,"column":12},"end":{"line":108,"column":12},"skip":true},{"start":{"line":108,"column":12},"end":{"line":108,"column":12},"skip":true}]},"14":{"line":108,"type":"binary-expr","locations":[{"start":{"line":108,"column":16},"end":{"line":108,"column":61},"skip":true},{"start":{"line":108,"column":66},"end":{"line":108,"column":72},"skip":true},{"start":{"line":108,"column":77},"end":{"line":108,"column":82},"skip":true},{"start":{"line":109,"column":20},"end":{"line":109,"column":39},"skip":true},{"start":{"line":110,"column":20},"end":{"line":110,"column":49},"skip":true},{"start":{"line":111,"column":20},"end":{"line":111,"column":58},"skip":true},{"start":{"line":112,"column":20},"end":{"line":112,"column":68},"skip":true}]},"15":{"line":129,"type":"if","locations":[{"start":{"line":129,"column":16},"end":{"line":129,"column":16},"skip":true},{"start":{"line":129,"column":16},"end":{"line":129,"column":16},"skip":true}]},"16":{"line":134,"type":"cond-expr","locations":[{"start":{"line":135,"column":26},"end":{"line":135,"column":29},"skip":true},{"start":{"line":136,"column":26},"end":{"line":136,"column":54},"skip":true}]},"17":{"line":164,"type":"binary-expr","locations":[{"start":{"line":164,"column":27},"end":{"line":164,"column":43},"skip":true},{"start":{"line":164,"column":47},"end":{"line":164,"column":49},"skip":true}]},"18":{"line":258,"type":"if","locations":[{"start":{"line":258,"column":8},"end":{"line":258,"column":8},"skip":true},{"start":{"line":258,"column":8},"end":{"line":258,"column":8},"skip":true}]},"19":{"line":275,"type":"switch","locations":[{"start":{"line":276,"column":20},"end":{"line":277,"column":64},"skip":true},{"start":{"line":278,"column":20},"end":{"line":279,"column":40},"skip":true},{"start":{"line":280,"column":20},"end":{"line":281,"column":40},"skip":true},{"start":{"line":282,"column":20},"end":{"line":283,"column":39},"skip":true}]},"20":{"line":288,"type":"if","locations":[{"start":{"line":288,"column":8},"end":{"line":288,"column":8},"skip":true},{"start":{"line":288,"column":8},"end":{"line":288,"column":8},"skip":true}]},"21":{"line":288,"type":"binary-expr","locations":[{"start":{"line":288,"column":12},"end":{"line":288,"column":40},"skip":true},{"start":{"line":288,"column":44},"end":{"line":288,"column":67},"skip":true}]},"22":{"line":292,"type":"binary-expr","locations":[{"start":{"line":292,"column":12},"end":{"line":292,"column":50},"skip":true},{"start":{"line":293,"column":12},"end":{"line":293,"column":53},"skip":true}]},"23":{"line":297,"type":"binary-expr","locations":[{"start":{"line":297,"column":12},"end":{"line":297,"column":67},"skip":true},{"start":{"line":298,"column":12},"end":{"line":301,"column":36},"skip":true}]},"24":{"line":303,"type":"binary-expr","locations":[{"start":{"line":303,"column":43},"end":{"line":303,"column":75},"skip":true},{"start":{"line":303,"column":79},"end":{"line":303,"column":81},"skip":true}]},"25":{"line":306,"type":"if","locations":[{"start":{"line":306,"column":8},"end":{"line":306,"column":8},"skip":true},{"start":{"line":306,"column":8},"end":{"line":306,"column":8},"skip":true}]},"26":{"line":310,"type":"if","locations":[{"start":{"line":310,"column":8},"end":{"line":310,"column":8},"skip":true},{"start":{"line":310,"column":8},"end":{"line":310,"column":8},"skip":true}]},"27":{"line":313,"type":"binary-expr","locations":[{"start":{"line":313,"column":27},"end":{"line":313,"column":43},"skip":true},{"start":{"line":313,"column":47},"end":{"line":313,"column":53},"skip":true}]},"28":{"line":317,"type":"if","locations":[{"start":{"line":317,"column":12},"end":{"line":317,"column":12},"skip":true},{"start":{"line":317,"column":12},"end":{"line":317,"column":12},"skip":true}]}},"code":["/*","example.js","","quickstart example","","instruction","    1. save this script as example.js","    2. run the shell command:","        $ npm install npmtest-playmusic && PORT=8081 node example.js","    3. play with the browser-demo on http://127.0.0.1:8081","*/","","","","/* istanbul instrument in package npmtest_playmusic */","/*jslint","    bitwise: true,","    browser: true,","    maxerr: 8,","    maxlen: 96,","    node: true,","    nomen: true,","    regexp: true,","    stupid: true","*/","(function () {","    'use strict';","    var local;","","","","    // run shared js-env code - init-before","    (function () {","        // init local","        local = {};","        // init modeJs","        local.modeJs = (function () {","            try {","                return typeof navigator.userAgent === 'string' &&","                    typeof document.querySelector('body') === 'object' &&","                    typeof XMLHttpRequest.prototype.open === 'function' &&","                    'browser';","            } catch (errorCaughtBrowser) {","                return module.exports &&","                    typeof process.versions.node === 'string' &&","                    typeof require('http').createServer === 'function' &&","                    'node';","            }","        }());","        // init global","        local.global = local.modeJs === 'browser'","            ? window","            : global;","        // init utility2_rollup","        local = local.global.utility2_rollup || (local.modeJs === 'browser'","            ? local.global.utility2_npmtest_playmusic","            : global.utility2_moduleExports);","        // export local","        local.global.local = local;","    }());","    switch (local.modeJs) {","","","","    // init-after","    // run browser js-env code - init-after","    /* istanbul ignore next */","    case 'browser':","        local.testRunBrowser = function (event) {","            if (!event || (event &&","                    event.currentTarget &&","                    event.currentTarget.className &&","                    event.currentTarget.className.includes &&","                    event.currentTarget.className.includes('onreset'))) {","                // reset output","                Array.from(","                    document.querySelectorAll('body > .resettable')","                ).forEach(function (element) {","                    switch (element.tagName) {","                    case 'INPUT':","                    case 'TEXTAREA':","                        element.value = '';","                        break;","                    default:","                        element.textContent = '';","                    }","                });","            }","            switch (event && event.currentTarget && event.currentTarget.id) {","            case 'testRunButton1':","                // show tests","                if (document.querySelector('#testReportDiv1').style.display === 'none') {","                    document.querySelector('#testReportDiv1').style.display = 'block';","                    document.querySelector('#testRunButton1').textContent =","                        'hide internal test';","                    local.modeTest = true;","                    local.testRunDefault(local);","                // hide tests","                } else {","                    document.querySelector('#testReportDiv1').style.display = 'none';","                    document.querySelector('#testRunButton1').textContent = 'run internal test';","                }","                break;","            // custom-case","            default:","                break;","            }","            if (document.querySelector('#inputTextareaEval1') && (!event || (event &&","                    event.currentTarget &&","                    event.currentTarget.className &&","                    event.currentTarget.className.includes &&","                    event.currentTarget.className.includes('oneval')))) {","                // try to eval input-code","                try {","                    /*jslint evil: true*/","                    eval(document.querySelector('#inputTextareaEval1').value);","                } catch (errorCaught) {","                    console.error(errorCaught);","                }","            }","        };","        // log stderr and stdout to #outputTextareaStdout1","        ['error', 'log'].forEach(function (key) {","            console[key + '_original'] = console[key];","            console[key] = function () {","                var element;","                console[key + '_original'].apply(console, arguments);","                element = document.querySelector('#outputTextareaStdout1');","                if (!element) {","                    return;","                }","                // append text to #outputTextareaStdout1","                element.value += Array.from(arguments).map(function (arg) {","                    return typeof arg === 'string'","                        ? arg","                        : JSON.stringify(arg, null, 4);","                }).join(' ') + '\\n';","                // scroll textarea to bottom","                element.scrollTop = element.scrollHeight;","            };","        });","        // init event-handling","        ['change', 'click', 'keyup'].forEach(function (event) {","            Array.from(document.querySelectorAll('.on' + event)).forEach(function (element) {","                element.addEventListener(event, local.testRunBrowser);","            });","        });","        // run tests","        local.testRunBrowser();","        break;","","","","    // run node js-env code - init-after","    /* istanbul ignore next */","    case 'node':","        // export local","        module.exports = local;","        // require modules","        local.fs = require('fs');","        local.http = require('http');","        local.url = require('url');","        // init assets","        local.assetsDict = local.assetsDict || {};","        /* jslint-ignore-begin */","        local.assetsDict['/assets.index.template.html'] = '\\","<!doctype html>\\n\\","<html lang=\"en\">\\n\\","<head>\\n\\","<meta charset=\"UTF-8\">\\n\\","<meta name=\"viewport\" content=\"width=device-width, initial-scale=1\">\\n\\","<title>{{env.npm_package_name}} (v{{env.npm_package_version}})</title>\\n\\","<style>\\n\\","/*csslint\\n\\","    box-sizing: false,\\n\\","    universal-selector: false\\n\\","*/\\n\\","* {\\n\\","    box-sizing: border-box;\\n\\","}\\n\\","body {\\n\\","    background: #dde;\\n\\","    font-family: Arial, Helvetica, sans-serif;\\n\\","    margin: 2rem;\\n\\","}\\n\\","body > * {\\n\\","    margin-bottom: 1rem;\\n\\","}\\n\\",".utility2FooterDiv {\\n\\","    margin-top: 20px;\\n\\","    text-align: center;\\n\\","}\\n\\","</style>\\n\\","<style>\\n\\","/*csslint\\n\\","*/\\n\\","textarea {\\n\\","    font-family: monospace;\\n\\","    height: 10rem;\\n\\","    width: 100%;\\n\\","}\\n\\","textarea[readonly] {\\n\\","    background: #ddd;\\n\\","}\\n\\","</style>\\n\\","</head>\\n\\","<body>\\n\\","<!-- utility2-comment\\n\\","<div id=\"ajaxProgressDiv1\" style=\"background: #d00; height: 2px; left: 0; margin: 0; padding: 0; position: fixed; top: 0; transition: background 0.5s, width 1.5s; width: 25%;\"></div>\\n\\","utility2-comment -->\\n\\","<h1>\\n\\","<!-- utility2-comment\\n\\","    <a\\n\\","        {{#if env.npm_package_homepage}}\\n\\","        href=\"{{env.npm_package_homepage}}\"\\n\\","        {{/if env.npm_package_homepage}}\\n\\","        target=\"_blank\"\\n\\","    >\\n\\","utility2-comment -->\\n\\","        {{env.npm_package_name}} (v{{env.npm_package_version}})\\n\\","<!-- utility2-comment\\n\\","    </a>\\n\\","utility2-comment -->\\n\\","</h1>\\n\\","<h3>{{env.npm_package_description}}</h3>\\n\\","<!-- utility2-comment\\n\\","<h4><a download href=\"assets.app.js\">download standalone app</a></h4>\\n\\","<button class=\"onclick onreset\" id=\"testRunButton1\">run internal test</button><br>\\n\\","<div id=\"testReportDiv1\" style=\"display: none;\"></div>\\n\\","utility2-comment -->\\n\\","\\n\\","\\n\\","\\n\\","<label>stderr and stdout</label>\\n\\","<textarea class=\"resettable\" id=\"outputTextareaStdout1\" readonly></textarea>\\n\\","<!-- utility2-comment\\n\\","{{#if isRollup}}\\n\\","<script src=\"assets.app.js\"></script>\\n\\","{{#unless isRollup}}\\n\\","utility2-comment -->\\n\\","<script src=\"assets.utility2.rollup.js\"></script>\\n\\","<script src=\"jsonp.utility2._stateInit?callback=window.utility2._stateInit\"></script>\\n\\","<script src=\"assets.npmtest_playmusic.rollup.js\"></script>\\n\\","<script src=\"assets.example.js\"></script>\\n\\","<script src=\"assets.test.js\"></script>\\n\\","<!-- utility2-comment\\n\\","{{/if isRollup}}\\n\\","utility2-comment -->\\n\\","<div class=\"utility2FooterDiv\">\\n\\","    [ this app was created with\\n\\","    <a href=\"https://github.com/kaizhu256/node-utility2\" target=\"_blank\">utility2</a>\\n\\","    ]\\n\\","</div>\\n\\","</body>\\n\\","</html>\\n\\","';","        /* jslint-ignore-end */","        if (local.templateRender) {","            local.assetsDict['/'] = local.templateRender(","                local.assetsDict['/assets.index.template.html'],","                {","                    env: local.objectSetDefault(local.env, {","                        npm_package_description: 'the greatest app in the world!',","                        npm_package_name: 'my-app',","                        npm_package_nameAlias: 'my_app',","                        npm_package_version: '0.0.1'","                    })","                }","            );","        } else {","            local.assetsDict['/'] = local.assetsDict['/assets.index.template.html']","                .replace((/\\{\\{env\\.(\\w+?)\\}\\}/g), function (match0, match1) {","                    // jslint-hack","                    String(match0);","                    switch (match1) {","                    case 'npm_package_description':","                        return 'the greatest app in the world!';","                    case 'npm_package_name':","                        return 'my-app';","                    case 'npm_package_nameAlias':","                        return 'my_app';","                    case 'npm_package_version':","                        return '0.0.1';","                    }","                });","        }","        // run the cli","        if (local.global.utility2_rollup || module !== require.main) {","            break;","        }","        local.assetsDict['/assets.example.js'] =","            local.assetsDict['/assets.example.js'] ||","            local.fs.readFileSync(__filename, 'utf8');","        // bug-workaround - long $npm_package_buildCustomOrg","        /* jslint-ignore-begin */","        local.assetsDict['/assets.npmtest_playmusic.rollup.js'] =","            local.assetsDict['/assets.npmtest_playmusic.rollup.js'] ||","            local.fs.readFileSync(","                local.npmtest_playmusic.__dirname + '/lib.npmtest_playmusic.js',","                'utf8'","            ).replace((/^#!/), '//');","        /* jslint-ignore-end */","        local.assetsDict['/favicon.ico'] = local.assetsDict['/favicon.ico'] || '';","        // if $npm_config_timeout_exit exists,","        // then exit this process after $npm_config_timeout_exit ms","        if (Number(process.env.npm_config_timeout_exit)) {","            setTimeout(process.exit, Number(process.env.npm_config_timeout_exit));","        }","        // start server","        if (local.global.utility2_serverHttp1) {","            break;","        }","        process.env.PORT = process.env.PORT || '8081';","        console.error('server starting on port ' + process.env.PORT);","        local.http.createServer(function (request, response) {","            request.urlParsed = local.url.parse(request.url);","            if (local.assetsDict[request.urlParsed.pathname] !== undefined) {","                response.end(local.assetsDict[request.urlParsed.pathname]);","                return;","            }","            response.statusCode = 404;","            response.end();","        }).listen(process.env.PORT);","        break;","    }","}());",""],"l":{"26":2,"28":2,"33":2,"35":2,"37":2,"38":2,"39":2,"44":1,"51":2,"55":2,"59":2,"61":2,"69":1,"70":2,"76":2,"79":2,"82":2,"83":2,"85":1,"89":2,"92":1,"93":1,"94":1,"96":1,"97":1,"100":1,"101":1,"103":1,"106":1,"108":2,"114":1,"116":1,"118":1,"123":1,"124":2,"125":2,"126":3,"127":3,"128":3,"129":3,"130":1,"133":3,"134":3,"139":3,"143":1,"144":3,"145":1,"149":1,"150":1,"158":1,"160":1,"161":1,"162":1,"164":1,"166":1,"258":1,"259":1,"271":1,"274":6,"275":6,"277":1,"279":2,"281":1,"283":2,"288":1,"289":1,"291":1,"296":1,"303":1,"306":1,"307":1,"310":1,"311":1,"313":1,"314":1,"315":1,"316":1,"317":1,"318":1,"319":1,"321":1,"322":1,"324":1}},"/home/travis/build/npmtest/node-npmtest-playmusic/node_modules/playmusic/play.js":{"path":"/home/travis/build/npmtest/node-npmtest-playmusic/node_modules/playmusic/play.js","s":{"1":1,"2":1,"3":1,"4":1,"5":1,"6":1,"7":1,"8":1,"9":1,"10":0,"11":0,"12":0,"13":0,"14":0,"15":0,"16":1,"17":1,"18":0,"19":0,"20":0,"21":1,"22":1,"23":1,"24":1,"25":1,"26":1,"27":1,"28":0,"29":0,"30":0,"31":0,"32":0,"33":0,"34":0,"35":0,"36":0,"37":0,"38":0,"39":0,"40":0,"41":0,"42":0,"43":0,"44":0,"45":0,"46":0,"47":0,"48":0,"49":0,"50":0,"51":0,"52":0,"53":0,"54":0,"55":0,"56":0,"57":0,"58":0,"59":0,"60":0,"61":0,"62":0,"63":0,"64":0,"65":0,"66":1,"67":0,"68":0,"69":0,"70":0,"71":0,"72":0,"73":0,"74":0,"75":0,"76":0,"77":0,"78":0,"79":0,"80":0,"81":0,"82":0,"83":0,"84":0,"85":0,"86":0,"87":0,"88":0,"89":0,"90":0,"91":0,"92":0,"93":0,"94":0,"95":0,"96":1,"97":0,"98":0,"99":0,"100":0,"101":0,"102":0,"103":0,"104":0,"105":0,"106":0,"107":1,"108":0,"109":0,"110":0,"111":0,"112":0,"113":0,"114":1,"115":0,"116":0,"117":0,"118":0,"119":0,"120":0,"121":0,"122":0,"123":0,"124":1,"125":0,"126":0,"127":0,"128":0,"129":0,"130":0,"131":0,"132":0,"133":0,"134":0,"135":0,"136":0,"137":1,"138":0,"139":0,"140":0,"141":0,"142":0,"143":0,"144":0,"145":0,"146":0,"147":0,"148":0,"149":0,"150":0,"151":0,"152":0,"153":1,"154":0,"155":0,"156":0,"157":0,"158":0,"159":1,"160":0,"161":0,"162":0,"163":0,"164":0,"165":1,"166":0,"167":0,"168":0,"169":1,"170":0,"171":0,"172":0,"173":0,"174":1,"175":0,"176":0,"177":0,"178":0,"179":1,"180":0,"181":0,"182":0,"183":0,"184":0,"185":0,"186":0,"187":1,"188":0,"189":0,"190":0,"191":0,"192":1,"193":0,"194":0,"195":0,"196":0,"197":1,"198":0,"199":0,"200":0,"201":0,"202":0,"203":0,"204":0,"205":1,"206":0,"207":0,"208":0,"209":0,"210":0,"211":0,"212":0,"213":0,"214":0,"215":0,"216":1,"217":0,"218":0,"219":0,"220":0,"221":0,"222":0,"223":0,"224":0,"225":0,"226":0,"227":0,"228":1,"229":0,"230":0,"231":0,"232":1,"233":0,"234":0,"235":0,"236":1,"237":0,"238":0,"239":0,"240":1,"241":0,"242":0,"243":0,"244":0,"245":0,"246":0,"247":0,"248":0,"249":0,"250":0,"251":0,"252":0,"253":0,"254":0,"255":1,"256":0,"257":0,"258":0,"259":1,"260":0,"261":0,"262":0,"263":0,"264":0,"265":0,"266":0,"267":1,"268":0,"269":0,"270":0,"271":0,"272":1,"273":0,"274":0,"275":0,"276":0,"277":0,"278":0,"279":0,"280":1,"281":1},"b":{"1":[0,0],"2":[0,0],"3":[0,0],"4":[0,0],"5":[0,0],"6":[0,0],"7":[0,0],"8":[0,0],"9":[0,0],"10":[0,0],"11":[0,0],"12":[0,0],"13":[0,0],"14":[0,0],"15":[0,0],"16":[0,0],"17":[0,0],"18":[0,0],"19":[0,0],"20":[0,0],"21":[0,0],"22":[0,0],"23":[0,0],"24":[0,0],"25":[0,0],"26":[0,0],"27":[0,0],"28":[0,0],"29":[0,0],"30":[0,0],"31":[0,0],"32":[0,0],"33":[0,0],"34":[0,0],"35":[0,0],"36":[0,0],"37":[0,0],"38":[0,0],"39":[0,0],"40":[0,0],"41":[0,0],"42":[0,0],"43":[0,0],"44":[0,0],"45":[0,0],"46":[0,0],"47":[0,0],"48":[0,0],"49":[0,0],"50":[0,0],"51":[0,0],"52":[0,0],"53":[0,0],"54":[0,0],"55":[0,0],"56":[0,0],"57":[0,0],"58":[0,0],"59":[0,0],"60":[0,0],"61":[0,0],"62":[0,0],"63":[0,0],"64":[0,0],"65":[0,0],"66":[0,0],"67":[0,0],"68":[0,0],"69":[0,0],"70":[0,0],"71":[0,0],"72":[0,0]},"f":{"1":0,"2":0,"3":0,"4":0,"5":0,"6":0,"7":0,"8":0,"9":0,"10":0,"11":0,"12":0,"13":0,"14":0,"15":0,"16":0,"17":0,"18":0,"19":0,"20":0,"21":0,"22":0,"23":0,"24":0,"25":0,"26":0,"27":0,"28":0,"29":0,"30":0,"31":0,"32":0,"33":0,"34":0,"35":0,"36":0,"37":0,"38":0,"39":0,"40":0,"41":0,"42":0,"43":0,"44":0,"45":0,"46":0,"47":0,"48":0,"49":0,"50":0,"51":0,"52":0,"53":0,"54":0,"55":0,"56":0,"57":0,"58":0,"59":0,"60":0,"61":0,"62":0,"63":0,"64":0,"65":0,"66":0},"fnMap":{"1":{"name":"(anonymous_1)","line":22,"loc":{"start":{"line":22,"column":24},"end":{"line":22,"column":39}}},"2":{"name":"(anonymous_2)","line":24,"loc":{"start":{"line":24,"column":29},"end":{"line":24,"column":44}}},"3":{"name":"(anonymous_3)","line":35,"loc":{"start":{"line":35,"column":14},"end":{"line":35,"column":28}}},"4":{"name":"(anonymous_4)","line":36,"loc":{"start":{"line":36,"column":42},"end":{"line":36,"column":53}}},"5":{"name":"(anonymous_5)","line":37,"loc":{"start":{"line":37,"column":16},"end":{"line":37,"column":33}}},"6":{"name":"(anonymous_6)","line":44,"loc":{"start":{"line":44,"column":16},"end":{"line":44,"column":27}}},"7":{"name":"(anonymous_7)","line":52,"loc":{"start":{"line":52,"column":30},"end":{"line":52,"column":58}}},"8":{"name":"(anonymous_8)","line":57,"loc":{"start":{"line":57,"column":45},"end":{"line":57,"column":57}}},"9":{"name":"(anonymous_9)","line":63,"loc":{"start":{"line":63,"column":33},"end":{"line":63,"column":47}}},"10":{"name":"(anonymous_10)","line":66,"loc":{"start":{"line":66,"column":23},"end":{"line":66,"column":39}}},"11":{"name":"(anonymous_11)","line":69,"loc":{"start":{"line":69,"column":22},"end":{"line":69,"column":33}}},"12":{"name":"(anonymous_12)","line":88,"loc":{"start":{"line":88,"column":24},"end":{"line":88,"column":40}}},"13":{"name":"(anonymous_13)","line":100,"loc":{"start":{"line":100,"column":27},"end":{"line":100,"column":54}}},"14":{"name":"(anonymous_14)","line":117,"loc":{"start":{"line":117,"column":16},"end":{"line":117,"column":36}}},"15":{"name":"(anonymous_15)","line":120,"loc":{"start":{"line":120,"column":25},"end":{"line":120,"column":49}}},"16":{"name":"(anonymous_16)","line":125,"loc":{"start":{"line":125,"column":64},"end":{"line":125,"column":76}}},"17":{"name":"(anonymous_17)","line":144,"loc":{"start":{"line":144,"column":30},"end":{"line":144,"column":50}}},"18":{"name":"(anonymous_18)","line":177,"loc":{"start":{"line":177,"column":8},"end":{"line":177,"column":28}}},"19":{"name":"(anonymous_19)","line":181,"loc":{"start":{"line":181,"column":29},"end":{"line":181,"column":54}}},"20":{"name":"(anonymous_20)","line":203,"loc":{"start":{"line":203,"column":8},"end":{"line":203,"column":28}}},"21":{"name":"(anonymous_21)","line":215,"loc":{"start":{"line":215,"column":34},"end":{"line":215,"column":53}}},"22":{"name":"(anonymous_22)","line":223,"loc":{"start":{"line":223,"column":7},"end":{"line":223,"column":27}}},"23":{"name":"(anonymous_23)","line":241,"loc":{"start":{"line":241,"column":68},"end":{"line":241,"column":93}}},"24":{"name":"(anonymous_24)","line":264,"loc":{"start":{"line":264,"column":7},"end":{"line":264,"column":27}}},"25":{"name":"(anonymous_25)","line":276,"loc":{"start":{"line":276,"column":35},"end":{"line":276,"column":59}}},"26":{"name":"(anonymous_26)","line":304,"loc":{"start":{"line":304,"column":7},"end":{"line":304,"column":32}}},"27":{"name":"(anonymous_27)","line":319,"loc":{"start":{"line":319,"column":32},"end":{"line":319,"column":55}}},"28":{"name":"(anonymous_28)","line":320,"loc":{"start":{"line":320,"column":26},"end":{"line":320,"column":45}}},"29":{"name":"(anonymous_29)","line":322,"loc":{"start":{"line":322,"column":23},"end":{"line":322,"column":40}}},"30":{"name":"(anonymous_30)","line":335,"loc":{"start":{"line":335,"column":29},"end":{"line":335,"column":67}}},"31":{"name":"(anonymous_31)","line":346,"loc":{"start":{"line":346,"column":7},"end":{"line":346,"column":27}}},"32":{"name":"(anonymous_32)","line":356,"loc":{"start":{"line":356,"column":35},"end":{"line":356,"column":55}}},"33":{"name":"(anonymous_33)","line":361,"loc":{"start":{"line":361,"column":7},"end":{"line":361,"column":27}}},"34":{"name":"(anonymous_34)","line":372,"loc":{"start":{"line":372,"column":34},"end":{"line":372,"column":68}}},"35":{"name":"(anonymous_35)","line":390,"loc":{"start":{"line":390,"column":7},"end":{"line":390,"column":27}}},"36":{"name":"(anonymous_36)","line":402,"loc":{"start":{"line":402,"column":41},"end":{"line":402,"column":82}}},"37":{"name":"(anonymous_37)","line":419,"loc":{"start":{"line":419,"column":7},"end":{"line":419,"column":27}}},"38":{"name":"(anonymous_38)","line":431,"loc":{"start":{"line":431,"column":41},"end":{"line":431,"column":82}}},"39":{"name":"(anonymous_39)","line":435,"loc":{"start":{"line":435,"column":25},"end":{"line":435,"column":42}}},"40":{"name":"(anonymous_40)","line":455,"loc":{"start":{"line":455,"column":7},"end":{"line":455,"column":27}}},"41":{"name":"(anonymous_41)","line":466,"loc":{"start":{"line":466,"column":46},"end":{"line":466,"column":74}}},"42":{"name":"(anonymous_42)","line":482,"loc":{"start":{"line":482,"column":7},"end":{"line":482,"column":27}}},"43":{"name":"(anonymous_43)","line":494,"loc":{"start":{"line":494,"column":42},"end":{"line":494,"column":68}}},"44":{"name":"(anonymous_44)","line":504,"loc":{"start":{"line":504,"column":7},"end":{"line":504,"column":27}}},"45":{"name":"(anonymous_45)","line":515,"loc":{"start":{"line":515,"column":42},"end":{"line":515,"column":72}}},"46":{"name":"(anonymous_46)","line":519,"loc":{"start":{"line":519,"column":26},"end":{"line":519,"column":44}}},"47":{"name":"(anonymous_47)","line":528,"loc":{"start":{"line":528,"column":7},"end":{"line":528,"column":27}}},"48":{"name":"(anonymous_48)","line":539,"loc":{"start":{"line":539,"column":41},"end":{"line":539,"column":67}}},"49":{"name":"(anonymous_49)","line":562,"loc":{"start":{"line":562,"column":7},"end":{"line":562,"column":28}}},"50":{"name":"(anonymous_50)","line":574,"loc":{"start":{"line":574,"column":47},"end":{"line":574,"column":73}}},"51":{"name":"(anonymous_51)","line":601,"loc":{"start":{"line":601,"column":7},"end":{"line":601,"column":28}}},"52":{"name":"(anonymous_52)","line":613,"loc":{"start":{"line":613,"column":31},"end":{"line":613,"column":75}}},"53":{"name":"(anonymous_53)","line":618,"loc":{"start":{"line":618,"column":7},"end":{"line":618,"column":27}}},"54":{"name":"(anonymous_54)","line":629,"loc":{"start":{"line":629,"column":40},"end":{"line":629,"column":69}}},"55":{"name":"(anonymous_55)","line":634,"loc":{"start":{"line":634,"column":7},"end":{"line":634,"column":27}}},"56":{"name":"(anonymous_56)","line":648,"loc":{"start":{"line":648,"column":32},"end":{"line":648,"column":112}}},"57":{"name":"(anonymous_57)","line":659,"loc":{"start":{"line":659,"column":7},"end":{"line":659,"column":27}}},"58":{"name":"(anonymous_58)","line":671,"loc":{"start":{"line":671,"column":31},"end":{"line":671,"column":54}}},"59":{"name":"(anonymous_59)","line":694,"loc":{"start":{"line":694,"column":34},"end":{"line":694,"column":53}}},"60":{"name":"(anonymous_60)","line":702,"loc":{"start":{"line":702,"column":7},"end":{"line":702,"column":27}}},"61":{"name":"(anonymous_61)","line":716,"loc":{"start":{"line":716,"column":36},"end":{"line":716,"column":75}}},"62":{"name":"(anonymous_62)","line":743,"loc":{"start":{"line":743,"column":7},"end":{"line":743,"column":27}}},"63":{"name":"(anonymous_63)","line":755,"loc":{"start":{"line":755,"column":39},"end":{"line":755,"column":77}}},"64":{"name":"(anonymous_64)","line":771,"loc":{"start":{"line":771,"column":7},"end":{"line":771,"column":27}}},"65":{"name":"(anonymous_65)","line":776,"loc":{"start":{"line":776,"column":35},"end":{"line":776,"column":54}}},"66":{"name":"(anonymous_66)","line":781,"loc":{"start":{"line":781,"column":7},"end":{"line":781,"column":27}}}},"statementMap":{"1":{"start":{"line":12,"column":0},"end":{"line":12,"column":29}},"2":{"start":{"line":13,"column":0},"end":{"line":13,"column":41}},"3":{"start":{"line":14,"column":0},"end":{"line":14,"column":25}},"4":{"start":{"line":15,"column":0},"end":{"line":15,"column":36}},"5":{"start":{"line":16,"column":0},"end":{"line":16,"column":32}},"6":{"start":{"line":17,"column":0},"end":{"line":17,"column":27}},"7":{"start":{"line":18,"column":0},"end":{"line":18,"column":31}},"8":{"start":{"line":21,"column":0},"end":{"line":21,"column":16}},"9":{"start":{"line":22,"column":0},"end":{"line":29,"column":2}},"10":{"start":{"line":23,"column":4},"end":{"line":23,"column":17}},"11":{"start":{"line":24,"column":4},"end":{"line":27,"column":7}},"12":{"start":{"line":25,"column":8},"end":{"line":25,"column":36}},"13":{"start":{"line":26,"column":8},"end":{"line":26,"column":66}},"14":{"start":{"line":26,"column":20},"end":{"line":26,"column":66}},"15":{"start":{"line":28,"column":4},"end":{"line":28,"column":15}},"16":{"start":{"line":30,"column":0},"end":{"line":34,"column":2}},"17":{"start":{"line":35,"column":0},"end":{"line":41,"column":2}},"18":{"start":{"line":36,"column":4},"end":{"line":40,"column":16}},"19":{"start":{"line":37,"column":8},"end":{"line":39,"column":51}},"20":{"start":{"line":38,"column":12},"end":{"line":38,"column":78}},"21":{"start":{"line":44,"column":0},"end":{"line":44,"column":30}},"22":{"start":{"line":46,"column":0},"end":{"line":46,"column":70}},"23":{"start":{"line":47,"column":0},"end":{"line":47,"column":63}},"24":{"start":{"line":48,"column":0},"end":{"line":48,"column":77}},"25":{"start":{"line":49,"column":0},"end":{"line":49,"column":69}},"26":{"start":{"line":50,"column":0},"end":{"line":50,"column":73}},"27":{"start":{"line":52,"column":0},"end":{"line":97,"column":2}},"28":{"start":{"line":53,"column":4},"end":{"line":53,"column":37}},"29":{"start":{"line":54,"column":4},"end":{"line":54,"column":21}},"30":{"start":{"line":55,"column":4},"end":{"line":55,"column":41}},"31":{"start":{"line":56,"column":4},"end":{"line":60,"column":5}},"32":{"start":{"line":57,"column":8},"end":{"line":59,"column":11}},"33":{"start":{"line":58,"column":12},"end":{"line":58,"column":40}},"34":{"start":{"line":61,"column":4},"end":{"line":61,"column":105}},"35":{"start":{"line":61,"column":43},"end":{"line":61,"column":105}},"36":{"start":{"line":62,"column":4},"end":{"line":62,"column":93}},"37":{"start":{"line":63,"column":4},"end":{"line":94,"column":7}},"38":{"start":{"line":64,"column":8},"end":{"line":64,"column":32}},"39":{"start":{"line":65,"column":8},"end":{"line":65,"column":22}},"40":{"start":{"line":66,"column":8},"end":{"line":68,"column":11}},"41":{"start":{"line":67,"column":12},"end":{"line":67,"column":26}},"42":{"start":{"line":69,"column":8},"end":{"line":87,"column":11}},"43":{"start":{"line":70,"column":12},"end":{"line":70,"column":20}},"44":{"start":{"line":71,"column":12},"end":{"line":75,"column":13}},"45":{"start":{"line":72,"column":16},"end":{"line":72,"column":71}},"46":{"start":{"line":73,"column":16},"end":{"line":73,"column":48}},"47":{"start":{"line":74,"column":16},"end":{"line":74,"column":35}},"48":{"start":{"line":77,"column":12},"end":{"line":77,"column":148}},"49":{"start":{"line":78,"column":12},"end":{"line":78,"column":32}},"50":{"start":{"line":79,"column":12},"end":{"line":85,"column":13}},"51":{"start":{"line":80,"column":16},"end":{"line":82,"column":17}},"52":{"start":{"line":81,"column":20},"end":{"line":81,"column":52}},"53":{"start":{"line":84,"column":16},"end":{"line":84,"column":121}},"54":{"start":{"line":84,"column":51},"end":{"line":84,"column":121}},"55":{"start":{"line":86,"column":12},"end":{"line":86,"column":76}},"56":{"start":{"line":86,"column":47},"end":{"line":86,"column":76}},"57":{"start":{"line":88,"column":8},"end":{"line":93,"column":11}},"58":{"start":{"line":89,"column":12},"end":{"line":89,"column":62}},"59":{"start":{"line":90,"column":12},"end":{"line":90,"column":30}},"60":{"start":{"line":91,"column":12},"end":{"line":91,"column":31}},"61":{"start":{"line":92,"column":12},"end":{"line":92,"column":72}},"62":{"start":{"line":92,"column":47},"end":{"line":92,"column":72}},"63":{"start":{"line":95,"column":4},"end":{"line":95,"column":68}},"64":{"start":{"line":95,"column":44},"end":{"line":95,"column":68}},"65":{"start":{"line":96,"column":4},"end":{"line":96,"column":14}},"66":{"start":{"line":100,"column":0},"end":{"line":142,"column":2}},"67":{"start":{"line":101,"column":4},"end":{"line":101,"column":20}},"68":{"start":{"line":103,"column":4},"end":{"line":103,"column":31}},"69":{"start":{"line":104,"column":4},"end":{"line":104,"column":37}},"70":{"start":{"line":105,"column":4},"end":{"line":105,"column":43}},"71":{"start":{"line":108,"column":4},"end":{"line":108,"column":143}},"72":{"start":{"line":109,"column":4},"end":{"line":109,"column":143}},"73":{"start":{"line":111,"column":4},"end":{"line":113,"column":5}},"74":{"start":{"line":112,"column":8},"end":{"line":112,"column":39}},"75":{"start":{"line":115,"column":4},"end":{"line":115,"column":19}},"76":{"start":{"line":117,"column":4},"end":{"line":141,"column":7}},"77":{"start":{"line":118,"column":8},"end":{"line":118,"column":81}},"78":{"start":{"line":118,"column":16},"end":{"line":118,"column":81}},"79":{"start":{"line":119,"column":8},"end":{"line":119,"column":32}},"80":{"start":{"line":120,"column":8},"end":{"line":139,"column":11}},"81":{"start":{"line":121,"column":12},"end":{"line":121,"column":95}},"82":{"start":{"line":121,"column":20},"end":{"line":121,"column":95}},"83":{"start":{"line":123,"column":12},"end":{"line":123,"column":47}},"84":{"start":{"line":124,"column":12},"end":{"line":124,"column":79}},"85":{"start":{"line":125,"column":12},"end":{"line":127,"column":15}},"86":{"start":{"line":126,"column":16},"end":{"line":126,"column":64}},"87":{"start":{"line":129,"column":12},"end":{"line":138,"column":13}},"88":{"start":{"line":130,"column":16},"end":{"line":130,"column":39}},"89":{"start":{"line":131,"column":16},"end":{"line":133,"column":17}},"90":{"start":{"line":132,"column":20},"end":{"line":132,"column":37}},"91":{"start":{"line":134,"column":16},"end":{"line":134,"column":36}},"92":{"start":{"line":135,"column":16},"end":{"line":135,"column":62}},"93":{"start":{"line":135,"column":51},"end":{"line":135,"column":62}},"94":{"start":{"line":137,"column":16},"end":{"line":137,"column":62}},"95":{"start":{"line":137,"column":51},"end":{"line":137,"column":62}},"96":{"start":{"line":144,"column":0},"end":{"line":180,"column":2}},"97":{"start":{"line":145,"column":4},"end":{"line":145,"column":20}},"98":{"start":{"line":146,"column":4},"end":{"line":158,"column":6}},"99":{"start":{"line":159,"column":4},"end":{"line":167,"column":5}},"100":{"start":{"line":160,"column":8},"end":{"line":160,"column":39}},"101":{"start":{"line":161,"column":11},"end":{"line":167,"column":5}},"102":{"start":{"line":162,"column":8},"end":{"line":162,"column":37}},"103":{"start":{"line":163,"column":8},"end":{"line":163,"column":40}},"104":{"start":{"line":166,"column":8},"end":{"line":166,"column":97}},"105":{"start":{"line":169,"column":4},"end":{"line":179,"column":7}},"106":{"start":{"line":178,"column":8},"end":{"line":178,"column":64}},"107":{"start":{"line":181,"column":0},"end":{"line":207,"column":2}},"108":{"start":{"line":182,"column":4},"end":{"line":182,"column":20}},"109":{"start":{"line":183,"column":4},"end":{"line":183,"column":81}},"110":{"start":{"line":184,"column":4},"end":{"line":197,"column":6}},"111":{"start":{"line":198,"column":4},"end":{"line":206,"column":7}},"112":{"start":{"line":204,"column":8},"end":{"line":204,"column":51}},"113":{"start":{"line":205,"column":8},"end":{"line":205,"column":92}},"114":{"start":{"line":215,"column":0},"end":{"line":234,"column":2}},"115":{"start":{"line":216,"column":4},"end":{"line":216,"column":20}},"116":{"start":{"line":218,"column":4},"end":{"line":233,"column":7}},"117":{"start":{"line":224,"column":8},"end":{"line":224,"column":83}},"118":{"start":{"line":224,"column":16},"end":{"line":224,"column":83}},"119":{"start":{"line":226,"column":8},"end":{"line":226,"column":21}},"120":{"start":{"line":227,"column":8},"end":{"line":231,"column":9}},"121":{"start":{"line":228,"column":12},"end":{"line":228,"column":40}},"122":{"start":{"line":230,"column":12},"end":{"line":230,"column":70}},"123":{"start":{"line":232,"column":8},"end":{"line":232,"column":33}},"124":{"start":{"line":241,"column":0},"end":{"line":268,"column":2}},"125":{"start":{"line":242,"column":4},"end":{"line":242,"column":20}},"126":{"start":{"line":245,"column":4},"end":{"line":248,"column":5}},"127":{"start":{"line":246,"column":8},"end":{"line":246,"column":24}},"128":{"start":{"line":247,"column":8},"end":{"line":247,"column":18}},"129":{"start":{"line":250,"column":4},"end":{"line":250,"column":36}},"130":{"start":{"line":253,"column":4},"end":{"line":253,"column":45}},"131":{"start":{"line":255,"column":4},"end":{"line":257,"column":5}},"132":{"start":{"line":256,"column":8},"end":{"line":256,"column":49}},"133":{"start":{"line":259,"column":4},"end":{"line":267,"column":7}},"134":{"start":{"line":265,"column":8},"end":{"line":265,"column":82}},"135":{"start":{"line":265,"column":16},"end":{"line":265,"column":82}},"136":{"start":{"line":266,"column":8},"end":{"line":266,"column":29}},"137":{"start":{"line":276,"column":0},"end":{"line":311,"column":2}},"138":{"start":{"line":277,"column":4},"end":{"line":280,"column":5}},"139":{"start":{"line":278,"column":6},"end":{"line":278,"column":119}},"140":{"start":{"line":279,"column":6},"end":{"line":279,"column":13}},"141":{"start":{"line":282,"column":4},"end":{"line":282,"column":20}},"142":{"start":{"line":283,"column":4},"end":{"line":283,"column":31}},"143":{"start":{"line":284,"column":4},"end":{"line":284,"column":78}},"144":{"start":{"line":285,"column":4},"end":{"line":292,"column":6}},"145":{"start":{"line":293,"column":4},"end":{"line":297,"column":5}},"146":{"start":{"line":294,"column":8},"end":{"line":294,"column":21}},"147":{"start":{"line":296,"column":8},"end":{"line":296,"column":23}},"148":{"start":{"line":299,"column":4},"end":{"line":299,"column":44}},"149":{"start":{"line":300,"column":4},"end":{"line":310,"column":7}},"150":{"start":{"line":305,"column":8},"end":{"line":309,"column":9}},"151":{"start":{"line":306,"column":12},"end":{"line":306,"column":49}},"152":{"start":{"line":308,"column":12},"end":{"line":308,"column":88}},"153":{"start":{"line":319,"column":0},"end":{"line":326,"column":1}},"154":{"start":{"line":320,"column":4},"end":{"line":325,"column":6}},"155":{"start":{"line":321,"column":8},"end":{"line":321,"column":37}},"156":{"start":{"line":321,"column":16},"end":{"line":321,"column":37}},"157":{"start":{"line":322,"column":8},"end":{"line":324,"column":10}},"158":{"start":{"line":323,"column":12},"end":{"line":323,"column":35}},"159":{"start":{"line":335,"column":0},"end":{"line":349,"column":2}},"160":{"start":{"line":336,"column":4},"end":{"line":336,"column":20}},"161":{"start":{"line":337,"column":4},"end":{"line":341,"column":6}},"162":{"start":{"line":342,"column":4},"end":{"line":342,"column":44}},"163":{"start":{"line":343,"column":4},"end":{"line":348,"column":7}},"164":{"start":{"line":347,"column":8},"end":{"line":347,"column":87}},"165":{"start":{"line":356,"column":0},"end":{"line":364,"column":2}},"166":{"start":{"line":357,"column":4},"end":{"line":357,"column":20}},"167":{"start":{"line":358,"column":4},"end":{"line":363,"column":7}},"168":{"start":{"line":362,"column":8},"end":{"line":362,"column":89}},"169":{"start":{"line":372,"column":0},"end":{"line":393,"column":2}},"170":{"start":{"line":373,"column":4},"end":{"line":373,"column":20}},"171":{"start":{"line":374,"column":4},"end":{"line":384,"column":6}},"172":{"start":{"line":385,"column":4},"end":{"line":392,"column":7}},"173":{"start":{"line":391,"column":8},"end":{"line":391,"column":81}},"174":{"start":{"line":402,"column":0},"end":{"line":422,"column":2}},"175":{"start":{"line":403,"column":4},"end":{"line":403,"column":20}},"176":{"start":{"line":404,"column":4},"end":{"line":413,"column":6}},"177":{"start":{"line":414,"column":4},"end":{"line":421,"column":7}},"178":{"start":{"line":420,"column":8},"end":{"line":420,"column":90}},"179":{"start":{"line":431,"column":0},"end":{"line":458,"column":2}},"180":{"start":{"line":432,"column":4},"end":{"line":432,"column":20}},"181":{"start":{"line":433,"column":4},"end":{"line":433,"column":68}},"182":{"start":{"line":434,"column":4},"end":{"line":434,"column":23}},"183":{"start":{"line":435,"column":4},"end":{"line":449,"column":7}},"184":{"start":{"line":436,"column":8},"end":{"line":448,"column":10}},"185":{"start":{"line":450,"column":4},"end":{"line":457,"column":7}},"186":{"start":{"line":456,"column":8},"end":{"line":456,"column":90}},"187":{"start":{"line":466,"column":0},"end":{"line":485,"column":2}},"188":{"start":{"line":467,"column":4},"end":{"line":467,"column":20}},"189":{"start":{"line":468,"column":4},"end":{"line":476,"column":6}},"190":{"start":{"line":477,"column":4},"end":{"line":484,"column":7}},"191":{"start":{"line":483,"column":8},"end":{"line":483,"column":93}},"192":{"start":{"line":494,"column":0},"end":{"line":507,"column":1}},"193":{"start":{"line":496,"column":4},"end":{"line":496,"column":20}},"194":{"start":{"line":497,"column":4},"end":{"line":497,"column":43}},"195":{"start":{"line":499,"column":4},"end":{"line":506,"column":7}},"196":{"start":{"line":505,"column":8},"end":{"line":505,"column":86}},"197":{"start":{"line":515,"column":0},"end":{"line":531,"column":2}},"198":{"start":{"line":516,"column":4},"end":{"line":516,"column":20}},"199":{"start":{"line":517,"column":4},"end":{"line":517,"column":72}},"200":{"start":{"line":518,"column":4},"end":{"line":518,"column":23}},"201":{"start":{"line":519,"column":4},"end":{"line":521,"column":7}},"202":{"start":{"line":520,"column":8},"end":{"line":520,"column":46}},"203":{"start":{"line":523,"column":4},"end":{"line":530,"column":7}},"204":{"start":{"line":529,"column":8},"end":{"line":529,"column":90}},"205":{"start":{"line":539,"column":0},"end":{"line":565,"column":2}},"206":{"start":{"line":540,"column":4},"end":{"line":540,"column":20}},"207":{"start":{"line":543,"column":4},"end":{"line":546,"column":5}},"208":{"start":{"line":544,"column":8},"end":{"line":544,"column":24}},"209":{"start":{"line":545,"column":8},"end":{"line":545,"column":18}},"210":{"start":{"line":548,"column":4},"end":{"line":548,"column":36}},"211":{"start":{"line":551,"column":4},"end":{"line":551,"column":43}},"212":{"start":{"line":553,"column":4},"end":{"line":555,"column":5}},"213":{"start":{"line":554,"column":8},"end":{"line":554,"column":49}},"214":{"start":{"line":557,"column":4},"end":{"line":564,"column":7}},"215":{"start":{"line":563,"column":8},"end":{"line":563,"column":89}},"216":{"start":{"line":574,"column":0},"end":{"line":604,"column":2}},"217":{"start":{"line":575,"column":4},"end":{"line":575,"column":20}},"218":{"start":{"line":578,"column":4},"end":{"line":581,"column":5}},"219":{"start":{"line":579,"column":8},"end":{"line":579,"column":24}},"220":{"start":{"line":580,"column":8},"end":{"line":580,"column":18}},"221":{"start":{"line":583,"column":4},"end":{"line":583,"column":36}},"222":{"start":{"line":586,"column":4},"end":{"line":586,"column":43}},"223":{"start":{"line":588,"column":4},"end":{"line":590,"column":5}},"224":{"start":{"line":589,"column":8},"end":{"line":589,"column":49}},"225":{"start":{"line":592,"column":4},"end":{"line":592,"column":41}},"226":{"start":{"line":594,"column":4},"end":{"line":603,"column":7}},"227":{"start":{"line":602,"column":8},"end":{"line":602,"column":89}},"228":{"start":{"line":613,"column":0},"end":{"line":621,"column":2}},"229":{"start":{"line":614,"column":4},"end":{"line":614,"column":20}},"230":{"start":{"line":615,"column":4},"end":{"line":620,"column":7}},"231":{"start":{"line":619,"column":8},"end":{"line":619,"column":85}},"232":{"start":{"line":629,"column":0},"end":{"line":637,"column":2}},"233":{"start":{"line":630,"column":4},"end":{"line":630,"column":20}},"234":{"start":{"line":631,"column":4},"end":{"line":636,"column":7}},"235":{"start":{"line":635,"column":8},"end":{"line":635,"column":89}},"236":{"start":{"line":648,"column":0},"end":{"line":662,"column":2}},"237":{"start":{"line":649,"column":4},"end":{"line":649,"column":20}},"238":{"start":{"line":650,"column":4},"end":{"line":661,"column":7}},"239":{"start":{"line":660,"column":8},"end":{"line":660,"column":84}},"240":{"start":{"line":671,"column":0},"end":{"line":687,"column":2}},"241":{"start":{"line":672,"column":4},"end":{"line":672,"column":13}},"242":{"start":{"line":673,"column":4},"end":{"line":685,"column":5}},"243":{"start":{"line":674,"column":8},"end":{"line":674,"column":46}},"244":{"start":{"line":675,"column":11},"end":{"line":685,"column":5}},"245":{"start":{"line":676,"column":8},"end":{"line":676,"column":46}},"246":{"start":{"line":677,"column":11},"end":{"line":685,"column":5}},"247":{"start":{"line":678,"column":8},"end":{"line":678,"column":47}},"248":{"start":{"line":679,"column":11},"end":{"line":685,"column":5}},"249":{"start":{"line":680,"column":8},"end":{"line":680,"column":46}},"250":{"start":{"line":681,"column":11},"end":{"line":685,"column":5}},"251":{"start":{"line":682,"column":8},"end":{"line":682,"column":46}},"252":{"start":{"line":683,"column":11},"end":{"line":685,"column":5}},"253":{"start":{"line":684,"column":8},"end":{"line":684,"column":55}},"254":{"start":{"line":686,"column":4},"end":{"line":686,"column":16}},"255":{"start":{"line":694,"column":0},"end":{"line":705,"column":2}},"256":{"start":{"line":695,"column":4},"end":{"line":695,"column":20}},"257":{"start":{"line":697,"column":4},"end":{"line":704,"column":7}},"258":{"start":{"line":703,"column":8},"end":{"line":703,"column":81}},"259":{"start":{"line":716,"column":0},"end":{"line":746,"column":2}},"260":{"start":{"line":717,"column":4},"end":{"line":717,"column":20}},"261":{"start":{"line":718,"column":4},"end":{"line":718,"column":43}},"262":{"start":{"line":719,"column":4},"end":{"line":719,"column":62}},"263":{"start":{"line":719,"column":14},"end":{"line":719,"column":62}},"264":{"start":{"line":720,"column":4},"end":{"line":736,"column":6}},"265":{"start":{"line":738,"column":4},"end":{"line":745,"column":7}},"266":{"start":{"line":744,"column":8},"end":{"line":744,"column":81}},"267":{"start":{"line":755,"column":0},"end":{"line":774,"column":2}},"268":{"start":{"line":756,"column":4},"end":{"line":756,"column":20}},"269":{"start":{"line":757,"column":4},"end":{"line":764,"column":6}},"270":{"start":{"line":766,"column":4},"end":{"line":773,"column":
[...]
_key).toString(pmUtil.Base64);","    var qp = {","        u: \"0\",","        net: \"wifi\",","        pt: \"e\",","        targetkbps: \"8310\",","        slt: salt,","        sig: sig","    };","    if(id.charAt(0) === \"T\") {","        qp.mjck = id;","    } else {","        qp.songid = id;","    }","","    var qstring = querystring.stringify(qp);","    this.request({","        method: \"GET\",","        url: this._mobileURL + 'mplay?' + qstring,","        options: { headers: { \"X-Device-ID\": that._deviceId } }","    }, function(err, data, res) {","        if(res.statusCode === 302 && typeof res.headers.location === \"string\") {","            callback(null, res.headers.location);","        } else {","            callback(new Error(\"Unable to get stream url\" + err), res.headers.location);","        }","    });","};","","/**"," * Opens and returns a stream object"," *"," * @param id string - track id, hyphenated is preferred, but \"nid\" will work for all access tracks (not uploaded ones)"," * @param callback function(stream) - success callback"," */","PlayMusic.prototype.getStream = function(id, callback) {","    this.getStreamUrl(id, function(err, url) {","        if(err) return callback(err);","        https.get(url, function(stream) {","            callback(null, stream);","        })","    })","}","","/**"," * Searches for All Access tracks."," *"," * @param text string - search text"," * @param maxResults int - max number of results to return"," * @param callback function(err, searchResults) - success callback"," */","PlayMusic.prototype.search = function (text, maxResults, callback) {","    var that = this;","    var qp = {","        q: text,","        ct: '1,2,3,4,5,6,7,8,9',","        \"max-results\": maxResults","    };","    var qstring = querystring.stringify(qp);","    this.request({","        method: \"GET\",","        url: this._baseURL + 'query?' + qstring","    }, function(err, data) {","        callback(err ? new Error(\"error getting search results: \" + err) : null, data);","    });","};","","/**"," * Returns list of all playlists."," *"," * @param callback function(err, playlists) - success callback"," */","PlayMusic.prototype.getPlayLists = function (callback) {","    var that = this;","    this.request({","        method: \"POST\",","        url: this._baseURL + 'playlistfeed'","    }, function(err, body) {","        callback(err ? new Error(\"error getting playlist results: \" + err) : null, body);","    });","};","","/**","* Creates a new playlist","*","* @param playlistName string - the playlist name","* @param callback function(err, mutationStatus) - success callback","*/","PlayMusic.prototype.addPlayList = function (playlistName, callback) {","    var that = this;","    var mutations = [","    {","        \"create\": {","            \"creationTimestamp\": -1,","            \"deleted\": false,","            \"lastModifiedTimestamp\": 0,","            \"name\": playlistName,","            \"type\": \"USER_GENERATED\"","        }","    }","    ];","    this.request({","        method: \"POST\",","        contentType: \"application/json\",","        url: this._baseURL + 'playlistbatch?' + querystring.stringify({alt: \"json\"}),","        data: JSON.stringify({\"mutations\": mutations})","    }, function(err, body) {","        callback(err ? new Error(\"error creating playlist \" + err) : null, body);","    });","};","","/**","* Updates a playlist's metadata","*","* @param playlistId string - the playlist id","* @param updates object - data to update the playlist with","* @param callback function(err, mutationStatus) - success callback","*/","PlayMusic.prototype.updatePlayListMeta = function (playlistId, updates, callback) {","    var that = this;","    var mutations = [","    {","        \"update\": {","            \"id\": playlistId,","            \"name\": updates.name || null,","            \"description\": updates.description || null,","            \"shareState\": updates.shareState || null","        }","    }","    ];","    this.request({","        method: \"POST\",","        contentType: \"application/json\",","        url: this._baseURL + 'playlistbatch?' + querystring.stringify({alt: \"json\"}),","        data: JSON.stringify({\"mutations\": mutations})","    }, function(err, body) {","        callback(err ? new Error(\"error updating playlist metadata \" + err) : null, body);","    });","};","","/**","* Adds a track to end of a playlist.","*","* @param songId string - the song id. Or an array of song ids","* @param playlistId int - the playlist id","* @param callback function(err, mutationStatus) - success callback","*/","PlayMusic.prototype.addTrackToPlayList = function (songIds, playlistId, callback) {","    var that = this;","    var songIdsArray = Array.isArray(songIds) ? songIds : [songIds];","    var mutations = [];","    songIdsArray.forEach(function(songId) {","        mutations.push(","            {","                \"create\": {","                    \"clientId\": uuid.v1(),","                    \"creationTimestamp\": \"-1\",","                    \"deleted\": \"false\",","                    \"lastModifiedTimestamp\": \"0\",","                    \"playlistId\": playlistId,","                    \"source\": (songId.indexOf(\"T\") === 0 ? \"2\" : \"1\"),","                    \"trackId\": songId","                }","            }","        );","    });","    this.request({","        method: \"POST\",","        contentType: \"application/json\",","        url: this._baseURL + 'plentriesbatch?' + querystring.stringify({alt: \"json\"}),","        data: JSON.stringify({\"mutations\": mutations})","    }, function(err, body) {","        callback(err ? new Error(\"error adding tracks to playlist: \" + err) : null, body);","    });","};","","/**","* Increments track's playcount","*","* @param songId int - the song id. See http://bit.ly/1L4U6oK for id requirements.","* @param callback function(err, mutationStatus) - success callback","*/","PlayMusic.prototype.incrementTrackPlaycount = function (songId, callback) {","    var that = this;","    var stats = [","        {","            \"id\": songId,","            \"incremental_plays\": \"1\",","            \"last_play_time_millis\": Date.now().toString(),","            \"type\": (songId.indexOf(\"T\") === 0 ? \"2\" : \"1\"),","            \"track_events\": []","        }","    ];","    this.request({","        method: \"POST\",","        contentType: \"application/json\",","        url: this._baseURL + 'trackstats?' + querystring.stringify({alt: \"json\"}),","        data: JSON.stringify({\"track_stats\": stats})","    }, function(err, body) {","        callback(err ? new Error(\"error incrementing track playcount: \" + err) : null, body);","    });","};","","/* Change metadata of a track a library","* Currently only support changing rating","* You need to change a song object with a different rating value:","* 5 = thumb up, 1 = thumb down, 0 = no thumb","* @param song object - the track dictionnary. You can get from getAllAccessTrack or from getLibrary","* @param callback function(err, success) - success callback","*/","PlayMusic.prototype.changeTrackMetadata = function (song, callback) {","","    var that = this;","    var mutations = [ { \"update\": song } ];","","    this.request({","        method: \"POST\",","        contentType: \"application/json\",","        url: this._baseURL + 'trackbatch?' + querystring.stringify({alt: \"json\"}),","        data: JSON.stringify({\"mutations\": mutations})","    }, function(err, body) {","        callback(err ? new Error(\"error changing rating track: \" + err) : null, body);","    });","}","","/**","* Removes given entry ids from playlist entries","*","* @param entryId string - the entry id. Or an array of entry ids. You can get this from getPlayListEntries","* @param callback function(err, mutationStatus) - success callback","*/","PlayMusic.prototype.removePlayListEntry = function (entryIds, callback) {","    var that = this;","    var entryIdsArray = Array.isArray(entryIds) ? entryIds : [entryIds];","    var mutations = [];","    entryIdsArray.forEach(function(entryId) {","        mutations.push({ \"delete\": entryId });","    });","","    this.request({","        method: \"POST\",","        contentType: \"application/json\",","        url: this._baseURL + 'plentriesbatch?' + querystring.stringify({alt: \"json\"}),","        data: JSON.stringify({\"mutations\": mutations})","    }, function(err, body) {","        callback(err ? new Error(\"error removing playlist entries: \" + err) : null, body);","    });","};","","/**"," * Returns tracks on all playlists."," *"," * @param opts Object - parameters"," * @param callback function(err, playlistEntries) - success callback"," */","PlayMusic.prototype.getPlayListEntries = function (opts, callback) {","    var that = this;","","    // If first parameter is a callback, shift it over to the second param","    if (typeof opts === \"function\") {","        callback = opts;","        opts = {};","    }","    // Set options defaults","    opts.limit = opts.limit || 1000;","","    // Request body data","    var data = {\"max-results\": opts.limit};","    // Add 'start-token' if a continuation token was provided","    if (!!opts.nextPageToken) {","        data[\"start-token\"] = opts.nextPageToken;","    }","","    this.request({","        method: \"POST\",","        url: this._baseURL + 'plentryfeed',","        contentType: \"application/json\",","        data: JSON.stringify(data)","    }, function (err, body) {","        callback(err ? new Error(\"error getting playlist results: \" + err) : null, body);","    });","};","","","/**"," * Returns tracks on shared playlist."," *"," * @param opts Object - parameters"," * @param callback function(err, playlistEntries) - success callback"," */","PlayMusic.prototype.getSharedPlayListEntries = function (opts, callback) {","    var that = this;","","    // If first parameter is a callback, shift it over to the second param","    if (typeof opts === \"function\") {","        callback = opts;","        opts = {};","    }","    // Set options defaults","    opts.limit = opts.limit || 1000;","","    // Request body data","    var data = {\"max-results\": opts.limit};","    // Add 'start-token' if a continuation token was provided","    if (!!opts.nextPageToken) {","        data[\"start-token\"] = opts.nextPageToken;","    }","","    data['shareToken'] = opts.shareToken;","","    this.request({","        method: \"POST\",","        url: this._baseURL + 'plentries/shared',","        contentType: \"application/json\",","        data: JSON.stringify({","            'entries': [data]","        })","    }, function (err, body) {","        callback(err ? new Error(\"error getting playlist results: \" + err) : null, body);","    });","};","","/**"," * Returns info about an All Access album.  Does not work for uploaded songs."," *"," * @param albumId string All Access album \"nid\" -- WILL NOT ACCEPT album \"id\" (requires \"T\" id, not hyphenated id)"," * @param includeTracks boolean -- include track list"," * @param callback function(err, albumList) - success callback"," */","PlayMusic.prototype.getAlbum = function (albumId, includeTracks, callback) {","    var that = this;","    this.request({","        method: \"GET\",","        url: this._baseURL + \"fetchalbum?\" + querystring.stringify({nid: albumId, \"include-tracks\": includeTracks, alt: \"json\"})","    }, function(err, body) {","        callback(err ? new Error(\"error getting album tracks: \" + err) : null, body);","    });","};","","/**"," * Returns info about an All Access track.  Does not work for uploaded songs."," *"," * @param trackId string All Access track \"nid\" -- WILL NOT ACCEPT track \"id\" (requires \"T\" id, not hyphenated id)"," * @param callback function(err, trackInfo) - success callback"," */","PlayMusic.prototype.getAllAccessTrack = function (trackId, callback) {","    var that = this;","    this.request({","        method: \"GET\",","        url: this._baseURL + \"fetchtrack?\" + querystring.stringify({nid: trackId, alt: \"json\"})","    }, function(err, body) {","        callback(err ? new Error(\"error getting all access track: \" + err) : null, body);","    });","};","","/**"," * Returns Artist Info, top tracks, albums, related artists"," *"," * @param artistId string - not sure which id this is"," * @param includeAlbums boolean - should album list be included in result"," * @param topTrackCount int - number of top tracks to return"," * @param relatedArtistCount int - number of related artists to return"," * @param callback function(err, artistInfo) - success callback"," */","PlayMusic.prototype.getArtist = function (artistId, includeAlbums, topTrackCount, relatedArtistCount, callback) {","    var that = this;","    this.request({","        method: \"GET\",","        url: this._baseURL + \"fetchartist?\" + querystring.stringify({","            nid: artistId,","            \"include-albums\": includeAlbums,","            \"num-top-tracks\": topTrackCount,","            \"num-related-artists\": relatedArtistCount,","            alt: \"json\"","        })","    }, function(err, body) {","        callback(err ? new Error(\"error getting artist info: \" + err) : null, body);","    });","};","","/**"," * Builds a seed object for use with createStation"," *"," * @param seedId string - a track, artist, album, or genre id"," * @param type string - one of [\"track\", \"artist\", \"album\", \"genre\"]"," * @return object - seed object for use with createStation"," */","PlayMusic.prototype._getSeed = function(seedId, type) {","    var seed;","    if(type === \"track\" && seedId.charAt(0) === \"T\") {","        seed = {trackId: seedId, seedType: 2};","    } else if(type === \"track\") {","        seed = {trackId: seedId, seedType: 1};","    } else if(type === \"artist\") {","        seed = {artistId: seedId, seedType: 3};","    } else if(type === \"album\") {","        seed = {albumId: seedId, seedType: 4};","    } else if(type === \"genre\") {","        seed = {genreId: seedId, seedType: 5};","    } else if(type === \"station\") {","        seed = {curatedStationId: seedId, seedType: 9};","    }","    return seed;","};","","/**"," * Returns list of existing stations"," *"," * @param callback function(err, stationInfo) - success callback"," */","PlayMusic.prototype.getStations = function(callback) {","    var that = this;","","    this.request({","        method: \"POST\",","        contentType: \"application/json\",","        url: this._baseURL + 'radio/station'","        //data: JSON.stringify(obj)","    }, function(err, body) {","        callback(err ? new Error(\"error listing stations: \" + err) : null, body);","    });","};","","","/**"," * Creates a new station"," *"," * @param name string - name of new station"," * @param seedId string - a track, artist, album, or genre id"," * @param type string - one of [\"track\", \"artist\", \"album\", \"genre\"]"," * @param callback function(err, mutationStatus) - success callback"," */","PlayMusic.prototype.createStation = function(name, seedId, type, callback) {","    var that = this;","    var seed = this._getSeed(seedId, type);","    if(!seed) return callback(new Error(\"Invalid Seed type\"));","    var mutations = [","        {","            \"createOrGet\": {","                \"clientId\": uuid.v1(),","                \"deleted\": false,","                \"imageType\": 1,","                \"lastModifiedTimestamp\": \"-1\", // + (new Date()).valueOf()*1000,","                \"name\": name,","                \"recentTimeStamp\": \"\" + (new Date()).valueOf()*1000,","                \"seed\": seed,","                \"tracks\": []","            },","            \"includeFeed\": false,","            \"numEntries\": 0,","            \"params\": { \"contentFilter\": 1 }","        }","    ];","","    this.request({","        method: \"POST\",","        contentType: \"application/json\",","        url: this._baseURL + 'radio/editstation?' + querystring.stringify({alt: \"json\"}),","        data: JSON.stringify({\"mutations\": mutations})","    }, function(err, body) {","        callback(err ? new Error(\"error creating station: \" + err) : null, body);","    });","};","","/**"," * Gets a list of tracks for a given station id"," *"," * @param stationId string - id of station"," * @param tracks int - number of tracks to return"," * @param callback function(err, stationInfo) - success callback"," */","PlayMusic.prototype.getStationTracks = function(stationId, tracks, callback) {","    var that = this;","    var obj = {","        \"contentFilter\": 1,","        \"stations\": [{","            \"radioId\": stationId,","            \"numEntries\": tracks,","            \"recentlyPlayed\": []","        }]","    };","","    this.request({","        method: \"POST\",","        contentType: \"application/json\",","        url: this._baseURL + 'radio/stationfeed?' + querystring.stringify({alt: \"json\", \"include-tracks\": \"true\"}),","        data: JSON.stringify(obj)","    }, function(err, body) {","        callback(err ? new Error(\"error getting station tracks: \" + err) : null, body);","    });","};","","PlayMusic.prototype.getFavorites = function(callback) {","    this.request({","        method: \"POST\",","        contentType: \"application/json\",","        url: this._webURL + 'services/getephemthumbsup'","    }, function(err, body) {","        if (err) {","            return callback(err);","        }","        try {","            body = JSON.parse(body);","        } catch (err) {","            return callback(err);","        };","        callback(null, body);","    });","};","","// So we don't break things using \"getFavotites\"","PlayMusic.prototype.getFavotites = PlayMusic.prototype.getFavorites;","","module.exports = exports = PlayMusic;",""],"l":{"12":1,"13":1,"14":1,"15":1,"16":1,"17":1,"18":1,"21":1,"22":1,"23":0,"24":0,"25":0,"26":0,"28":0,"30":1,"35":1,"36":0,"37":0,"38":0,"44":1,"46":1,"47":1,"48":1,"49":1,"50":1,"52":1,"53":0,"54":0,"55":0,"56":0,"57":0,"58":0,"61":0,"62":0,"63":0,"64":0,"65":0,"66":0,"67":0,"69":0,"70":0,"71":0,"72":0,"73":0,"74":0,"77":0,"78":0,"79":0,"80":0,"81":0,"84":0,"86":0,"88":0,"89":0,"90":0,"91":0,"92":0,"95":0,"96":0,"100":1,"101":0,"103":0,"104":0,"105":0,"108":0,"109":0,"111":0,"112":0,"115":0,"117":0,"118":0,"119":0,"120":0,"121":0,"123":0,"124":0,"125":0,"126":0,"129":0,"130":0,"131":0,"132":0,"134":0,"135":0,"137":0,"144":1,"145":0,"146":0,"159":0,"160":0,"161":0,"162":0,"163":0,"166":0,"169":0,"178":0,"181":1,"182":0,"183":0,"184":0,"198":0,"204":0,"205":0,"215":1,"216":0,"218":0,"224":0,"226":0,"227":0,"228":0,"230":0,"232":0,"241":1,"242":0,"245":0,"246":0,"247":0,"250":0,"253":0,"255":0,"256":0,"259":0,"265":0,"266":0,"276":1,"277":0,"278":0,"279":0,"282":0,"283":0,"284":0,"285":0,"293":0,"294":0,"296":0,"299":0,"300":0,"305":0,"306":0,"308":0,"319":1,"320":0,"321":0,"322":0,"323":0,"335":1,"336":0,"337":0,"342":0,"343":0,"347":0,"356":1,"357":0,"358":0,"362":0,"372":1,"373":0,"374":0,"385":0,"391":0,"402":1,"403":0,"404":0,"414":0,"420":0,"431":1,"432":0,"433":0,"434":0,"435":0,"436":0,"450":0,"456":0,"466":1,"467":0,"468":0,"477":0,"483":0,"494":1,"496":0,"497":0,"499":0,"505":0,"515":1,"516":0,"517":0,"518":0,"519":0,"520":0,"523":0,"529":0,"539":1,"540":0,"543":0,"544":0,"545":0,"548":0,"551":0,"553":0,"554":0,"557":0,"563":0,"574":1,"575":0,"578":0,"579":0,"580":0,"583":0,"586":0,"588":0,"589":0,"592":0,"594":0,"602":0,"613":1,"614":0,"615":0,"619":0,"629":1,"630":0,"631":0,"635":0,"648":1,"649":0,"650":0,"660":0,"671":1,"672":0,"673":0,"674":0,"675":0,"676":0,"677":0,"678":0,"679":0,"680":0,"681":0,"682":0,"683":0,"684":0,"686":0,"694":1,"695":0,"697":0,"703":0,"716":1,"717":0,"718":0,"719":0,"720":0,"738":0,"744":0,"755":1,"756":0,"757":0,"766":0,"772":0,"776":1,"777":0,"782":0,"783":0,"785":0,"786":0,"788":0,"790":0,"795":1,"797":1}}}